#
# There is insufficient memory for the Java Runtime Environment to continue.
# Native memory allocation (malloc) failed to allocate 1480336 bytes for Chunk::new
# Possible reasons:
#   The system is out of physical RAM or swap space
#   The process is running with CompressedOops enabled, and the Java Heap may be blocking the growth of the native heap
# Possible solutions:
#   Reduce memory load on the system
#   Increase physical memory or swap space
#   Check if swap backing store is full
#   Decrease Java heap size (-Xmx/-Xms)
#   Decrease number of Java threads
#   Decrease Java thread stack sizes (-Xss)
#   Set larger code cache with -XX:ReservedCodeCacheSize=
#   JVM is running with Unscaled Compressed Oops mode in which the Java heap is
#     placed in the first 4GB address space. The Java Heap base address is the
#     maximum limit for the native heap growth. Please use -XX:HeapBaseMinAddress
#     to set the Java Heap base and to place the Java Heap above 4GB virtual address.
# This output file may be truncated or incomplete.
#
#  Out of Memory Error (arena.cpp:168), pid=24664, tid=26456
#
# JRE version: Java(TM) SE Runtime Environment (21.0.1+12) (build 21.0.1+12-LTS-29)
# Java VM: Java HotSpot(TM) 64-Bit Server VM (21.0.1+12-LTS-29, mixed mode, sharing, tiered, compressed oops, compressed class ptrs, g1 gc, windows-amd64)
# No core dump will be written. Minidumps are not enabled by default on client versions of Windows
#

---------------  S U M M A R Y ------------

Command Line: -Dfile.encoding=UTF-8 --module-path=C:\Users\Kamlesh\Documents\NetBeansProjects\Employee Management System\build\classes employee.management.system.Splash

Host: Intel(R) Core(TM) i3 CPU         530  @ 2.93GHz, 4 cores, 5G,  Windows 10 , 64 bit Build 19041 (10.0.19041.2788)
Time: Sat Oct 28 18:17:27 2023 India Standard Time elapsed time: 1.407764 seconds (0d 0h 0m 1s)

---------------  T H R E A D  ---------------

Current thread (0x0000020773d0f730):  JavaThread "C2 CompilerThread0" daemon [_thread_in_native, id=26456, stack(0x000000e11fd00000,0x000000e11fe00000) (1024K)]


Current CompileTask:
C2:   1408  828 % !   4       sun.awt.image.PNGImageDecoder::produceImage @ 960 (1917 bytes)

Stack: [0x000000e11fd00000,0x000000e11fe00000]
Native frames: (J=compiled Java code, j=interpreted, Vv=VM code, C=native code)
V  [jvm.dll+0x6c9029]
V  [jvm.dll+0x854b81]
V  [jvm.dll+0x856e5e]
V  [jvm.dll+0x857543]
V  [jvm.dll+0x280c06]
V  [jvm.dll+0xc3ead]
V  [jvm.dll+0xc43c3]
V  [jvm.dll+0x3b5732]
V  [jvm.dll+0x1e1ec3]
V  [jvm.dll+0x249c22]
V  [jvm.dll+0x2490b1]
V  [jvm.dll+0x1c9ca1]
V  [jvm.dll+0x2586b9]
V  [jvm.dll+0x256c9a]
V  [jvm.dll+0x3ef1b6]
V  [jvm.dll+0x7fd728]
V  [jvm.dll+0x6c777d]
C  [ucrtbase.dll+0x21bb2]
C  [KERNEL32.DLL+0x17604]
C  [ntdll.dll+0x526a1]


---------------  P R O C E S S  ---------------

Threads class SMR info:
_java_thread_list=0x000002077835a530, length=17, elements={
0x00000207565d8140, 0x0000020773cf2b70, 0x0000020773cf48a0, 0x0000020773cf9f40,
0x0000020773cfbb10, 0x0000020773cff700, 0x0000020773d00cd0, 0x0000020773d0f730,
0x0000020773d15130, 0x00000207780be8c0, 0x0000020778171bf0, 0x00000207782b75c0,
0x00000207782ef6b0, 0x00000207782f4a10, 0x00000207782f7e00, 0x00000207783494b0,
0x0000020778c21ae0
}

Java Threads: ( => current thread )
  0x00000207565d8140 JavaThread "main"                              [_thread_in_vm, id=26384, stack(0x000000e11ef00000,0x000000e11f000000) (1024K)]
  0x0000020773cf2b70 JavaThread "Reference Handler"          daemon [_thread_blocked, id=4144, stack(0x000000e11f700000,0x000000e11f800000) (1024K)]
  0x0000020773cf48a0 JavaThread "Finalizer"                  daemon [_thread_blocked, id=5648, stack(0x000000e11f800000,0x000000e11f900000) (1024K)]
  0x0000020773cf9f40 JavaThread "Signal Dispatcher"          daemon [_thread_blocked, id=25020, stack(0x000000e11f900000,0x000000e11fa00000) (1024K)]
  0x0000020773cfbb10 JavaThread "Attach Listener"            daemon [_thread_blocked, id=26036, stack(0x000000e11fa00000,0x000000e11fb00000) (1024K)]
  0x0000020773cff700 JavaThread "Service Thread"             daemon [_thread_blocked, id=24420, stack(0x000000e11fb00000,0x000000e11fc00000) (1024K)]
  0x0000020773d00cd0 JavaThread "Monitor Deflation Thread"   daemon [_thread_blocked, id=21872, stack(0x000000e11fc00000,0x000000e11fd00000) (1024K)]
=>0x0000020773d0f730 JavaThread "C2 CompilerThread0"         daemon [_thread_in_native, id=26456, stack(0x000000e11fd00000,0x000000e11fe00000) (1024K)]
  0x0000020773d15130 JavaThread "C1 CompilerThread0"         daemon [_thread_in_vm, id=26192, stack(0x000000e11fe00000,0x000000e11ff00000) (1024K)]
  0x00000207780be8c0 JavaThread "Common-Cleaner"             daemon [_thread_blocked, id=25284, stack(0x000000e11ff00000,0x000000e120000000) (1024K)]
  0x0000020778171bf0 JavaThread "Notification Thread"        daemon [_thread_blocked, id=26332, stack(0x000000e120000000,0x000000e120100000) (1024K)]
  0x00000207782b75c0 JavaThread "C2 CompilerThread1"         daemon [_thread_in_native, id=20452, stack(0x000000e120100000,0x000000e120200000) (1024K)]
  0x00000207782ef6b0 JavaThread "Java2D Disposer"            daemon [_thread_blocked, id=22460, stack(0x000000e120200000,0x000000e120300000) (1024K)]
  0x00000207782f4a10 JavaThread "AWT-Shutdown"                      [_thread_blocked, id=27552, stack(0x000000e120300000,0x000000e120400000) (1024K)]
  0x00000207782f7e00 JavaThread "AWT-Windows"                daemon [_thread_in_native, id=24660, stack(0x000000e120400000,0x000000e120500000) (1024K)]
  0x00000207783494b0 JavaThread "Image Fetcher 0"            daemon [_thread_blocked, id=26216, stack(0x000000e120500000,0x000000e120600000) (1024K)]
  0x0000020778c21ae0 JavaThread "AWT-EventQueue-0"                  [_thread_blocked, id=27364, stack(0x000000e120600000,0x000000e120700000) (1024K)]
Total: 17

Other Threads:
  0x0000020773cd85e0 VMThread "VM Thread"                           [id=26820, stack(0x000000e11f600000,0x000000e11f700000) (1024K)]
  0x0000020773cc1090 WatcherThread "VM Periodic Task Thread"        [id=22788, stack(0x000000e11f500000,0x000000e11f600000) (1024K)]
  0x00000207586d8190 WorkerThread "GC Thread#0"                     [id=26876, stack(0x000000e11f000000,0x000000e11f100000) (1024K)]
  0x0000020779b1f360 WorkerThread "GC Thread#1"                     [id=25904, stack(0x000000e120700000,0x000000e120800000) (1024K)]
  0x0000020778c06fb0 WorkerThread "GC Thread#2"                     [id=26488, stack(0x000000e120800000,0x000000e120900000) (1024K)]
  0x0000020778c07350 WorkerThread "GC Thread#3"                     [id=22236, stack(0x000000e120900000,0x000000e120a00000) (1024K)]
  0x0000020758703610 ConcurrentGCThread "G1 Main Marker"            [id=26804, stack(0x000000e11f100000,0x000000e11f200000) (1024K)]
  0x0000020758704d20 WorkerThread "G1 Conc#0"                       [id=22480, stack(0x000000e11f200000,0x000000e11f300000) (1024K)]
  0x000002075873e0e0 ConcurrentGCThread "G1 Refine#0"               [id=25860, stack(0x000000e11f300000,0x000000e11f400000) (1024K)]
  0x000002075873ea60 ConcurrentGCThread "G1 Service"                [id=26636, stack(0x000000e11f400000,0x000000e11f500000) (1024K)]
Total: 10

Threads with active compile tasks:
C2 CompilerThread0     1500  828 % !   4       sun.awt.image.PNGImageDecoder::produceImage @ 960 (1917 bytes)
C1 CompilerThread0     1500  914       3       java.lang.invoke.MethodHandleNatives::canBeCalledVirtual (49 bytes)
C2 CompilerThread1     1500  836   !   4       sun.awt.image.ImageRepresentation::getOpaqueRGBImage (164 bytes)
Total: 3

VM state: not at safepoint (normal execution)

VM Mutex/Monitor currently owned by a thread:  ([mutex/lock_event])
[0x00007ffe165d8578] Metaspace_lock - owner thread: 0x00000207565d8140

Heap address: 0x00000000a2200000, size: 1502 MB, Compressed Oops mode: 32-bit

CDS archive(s) mapped at: [0x0000020700000000-0x0000020700c90000-0x0000020700c90000), size 13172736, SharedBaseAddress: 0x0000020700000000, ArchiveRelocationMode: 1.
Compressed class space mapped at: 0x0000020701000000-0x0000020741000000, reserved size: 1073741824
Narrow klass base: 0x0000020700000000, Narrow klass shift: 0, Narrow klass range: 0x100000000

GC Precious Log:
 CardTable entry size: 512
 Card Set container configuration: InlinePtr #cards 5 size 8 Array Of Cards #cards 12 size 40 Howl #buckets 4 coarsen threshold 1843 Howl Bitmap #cards 512 size 80 coarsen threshold 460 Card regions per heap region 1 cards per card region 2048
 CPUs: 4 total, 4 available
 Memory: 6007M
 Large Page Support: Disabled
 NUMA Support: Disabled
 Compressed Oops: Enabled (32-bit)
 Heap Region Size: 1M
 Heap Min Capacity: 8M
 Heap Initial Capacity: 94M
 Heap Max Capacity: 1502M
 Pre-touch: Disabled
 Parallel Workers: 4
 Concurrent Workers: 1
 Concurrent Refinement Workers: 4
 Periodic GC: Disabled

Heap:
 garbage-first heap   total 96256K, used 9754K [0x00000000a2200000, 0x0000000100000000)
  region size 1024K, 3 young (3072K), 2 survivors (2048K)
 Metaspace       used 6238K, committed 6400K, reserved 1114112K
  class space    used 649K, committed 768K, reserved 1048576K

Heap Regions: E=young(eden), S=young(survivor), O=old, HS=humongous(starts), HC=humongous(continues), CS=collection set, F=free, TAMS=top-at-mark-start, PB=parsable bottom
|   0|0x00000000a2200000, 0x00000000a2200000, 0x00000000a2300000|  0%| F|  |TAMS 0x00000000a2200000| PB 0x00000000a2200000| Untracked 
|   1|0x00000000a2300000, 0x00000000a2400000, 0x00000000a2400000|100%|HS|  |TAMS 0x00000000a2300000| PB 0x00000000a2300000| Complete 
|   2|0x00000000a2400000, 0x00000000a2500000, 0x00000000a2500000|100%|HC|  |TAMS 0x00000000a2400000| PB 0x00000000a2400000| Complete 
|   3|0x00000000a2500000, 0x00000000a2600000, 0x00000000a2600000|100%|HC|  |TAMS 0x00000000a2500000| PB 0x00000000a2500000| Complete 
|   4|0x00000000a2600000, 0x00000000a2700000, 0x00000000a2700000|100%|HS|  |TAMS 0x00000000a2600000| PB 0x00000000a2600000| Complete 
|   5|0x00000000a2700000, 0x00000000a2800000, 0x00000000a2800000|100%|HS|  |TAMS 0x00000000a2700000| PB 0x00000000a2700000| Complete 
|   6|0x00000000a2800000, 0x00000000a2900000, 0x00000000a2900000|100%|HC|  |TAMS 0x00000000a2800000| PB 0x00000000a2800000| Complete 
|   7|0x00000000a2900000, 0x00000000a2a00000, 0x00000000a2a00000|100%|HC|  |TAMS 0x00000000a2900000| PB 0x00000000a2900000| Complete 
|   8|0x00000000a2a00000, 0x00000000a2a86980, 0x00000000a2b00000| 52%| O|  |TAMS 0x00000000a2a00000| PB 0x00000000a2a00000| Untracked 
|   9|0x00000000a2b00000, 0x00000000a2b00000, 0x00000000a2c00000|  0%| F|  |TAMS 0x00000000a2b00000| PB 0x00000000a2b00000| Untracked 
|  10|0x00000000a2c00000, 0x00000000a2c00000, 0x00000000a2d00000|  0%| F|  |TAMS 0x00000000a2c00000| PB 0x00000000a2c00000| Untracked 
|  11|0x00000000a2d00000, 0x00000000a2d00000, 0x00000000a2e00000|  0%| F|  |TAMS 0x00000000a2d00000| PB 0x00000000a2d00000| Untracked 
|  12|0x00000000a2e00000, 0x00000000a2e00000, 0x00000000a2f00000|  0%| F|  |TAMS 0x00000000a2e00000| PB 0x00000000a2e00000| Untracked 
|  13|0x00000000a2f00000, 0x00000000a2f00000, 0x00000000a3000000|  0%| F|  |TAMS 0x00000000a2f00000| PB 0x00000000a2f00000| Untracked 
|  14|0x00000000a3000000, 0x00000000a3000000, 0x00000000a3100000|  0%| F|  |TAMS 0x00000000a3000000| PB 0x00000000a3000000| Untracked 
|  15|0x00000000a3100000, 0x00000000a3100000, 0x00000000a3200000|  0%| F|  |TAMS 0x00000000a3100000| PB 0x00000000a3100000| Untracked 
|  16|0x00000000a3200000, 0x00000000a3200000, 0x00000000a3300000|  0%| F|  |TAMS 0x00000000a3200000| PB 0x00000000a3200000| Untracked 
|  17|0x00000000a3300000, 0x00000000a3300000, 0x00000000a3400000|  0%| F|  |TAMS 0x00000000a3300000| PB 0x00000000a3300000| Untracked 
|  18|0x00000000a3400000, 0x00000000a3400000, 0x00000000a3500000|  0%| F|  |TAMS 0x00000000a3400000| PB 0x00000000a3400000| Untracked 
|  19|0x00000000a3500000, 0x00000000a3500000, 0x00000000a3600000|  0%| F|  |TAMS 0x00000000a3500000| PB 0x00000000a3500000| Untracked 
|  20|0x00000000a3600000, 0x00000000a3600000, 0x00000000a3700000|  0%| F|  |TAMS 0x00000000a3600000| PB 0x00000000a3600000| Untracked 
|  21|0x00000000a3700000, 0x00000000a3700000, 0x00000000a3800000|  0%| F|  |TAMS 0x00000000a3700000| PB 0x00000000a3700000| Untracked 
|  22|0x00000000a3800000, 0x00000000a3800000, 0x00000000a3900000|  0%| F|  |TAMS 0x00000000a3800000| PB 0x00000000a3800000| Untracked 
|  23|0x00000000a3900000, 0x00000000a3900000, 0x00000000a3a00000|  0%| F|  |TAMS 0x00000000a3900000| PB 0x00000000a3900000| Untracked 
|  24|0x00000000a3a00000, 0x00000000a3a00000, 0x00000000a3b00000|  0%| F|  |TAMS 0x00000000a3a00000| PB 0x00000000a3a00000| Untracked 
|  25|0x00000000a3b00000, 0x00000000a3b00000, 0x00000000a3c00000|  0%| F|  |TAMS 0x00000000a3b00000| PB 0x00000000a3b00000| Untracked 
|  26|0x00000000a3c00000, 0x00000000a3c00000, 0x00000000a3d00000|  0%| F|  |TAMS 0x00000000a3c00000| PB 0x00000000a3c00000| Untracked 
|  27|0x00000000a3d00000, 0x00000000a3d00000, 0x00000000a3e00000|  0%| F|  |TAMS 0x00000000a3d00000| PB 0x00000000a3d00000| Untracked 
|  28|0x00000000a3e00000, 0x00000000a3e00000, 0x00000000a3f00000|  0%| F|  |TAMS 0x00000000a3e00000| PB 0x00000000a3e00000| Untracked 
|  29|0x00000000a3f00000, 0x00000000a3f00000, 0x00000000a4000000|  0%| F|  |TAMS 0x00000000a3f00000| PB 0x00000000a3f00000| Untracked 
|  30|0x00000000a4000000, 0x00000000a4000000, 0x00000000a4100000|  0%| F|  |TAMS 0x00000000a4000000| PB 0x00000000a4000000| Untracked 
|  31|0x00000000a4100000, 0x00000000a4100000, 0x00000000a4200000|  0%| F|  |TAMS 0x00000000a4100000| PB 0x00000000a4100000| Untracked 
|  32|0x00000000a4200000, 0x00000000a4200000, 0x00000000a4300000|  0%| F|  |TAMS 0x00000000a4200000| PB 0x00000000a4200000| Untracked 
|  33|0x00000000a4300000, 0x00000000a4300000, 0x00000000a4400000|  0%| F|  |TAMS 0x00000000a4300000| PB 0x00000000a4300000| Untracked 
|  34|0x00000000a4400000, 0x00000000a4400000, 0x00000000a4500000|  0%| F|  |TAMS 0x00000000a4400000| PB 0x00000000a4400000| Untracked 
|  35|0x00000000a4500000, 0x00000000a4500000, 0x00000000a4600000|  0%| F|  |TAMS 0x00000000a4500000| PB 0x00000000a4500000| Untracked 
|  36|0x00000000a4600000, 0x00000000a4600000, 0x00000000a4700000|  0%| F|  |TAMS 0x00000000a4600000| PB 0x00000000a4600000| Untracked 
|  37|0x00000000a4700000, 0x00000000a4700000, 0x00000000a4800000|  0%| F|  |TAMS 0x00000000a4700000| PB 0x00000000a4700000| Untracked 
|  38|0x00000000a4800000, 0x00000000a4800000, 0x00000000a4900000|  0%| F|  |TAMS 0x00000000a4800000| PB 0x00000000a4800000| Untracked 
|  39|0x00000000a4900000, 0x00000000a4900000, 0x00000000a4a00000|  0%| F|  |TAMS 0x00000000a4900000| PB 0x00000000a4900000| Untracked 
|  40|0x00000000a4a00000, 0x00000000a4a00000, 0x00000000a4b00000|  0%| F|  |TAMS 0x00000000a4a00000| PB 0x00000000a4a00000| Untracked 
|  41|0x00000000a4b00000, 0x00000000a4b00000, 0x00000000a4c00000|  0%| F|  |TAMS 0x00000000a4b00000| PB 0x00000000a4b00000| Untracked 
|  42|0x00000000a4c00000, 0x00000000a4c00000, 0x00000000a4d00000|  0%| F|  |TAMS 0x00000000a4c00000| PB 0x00000000a4c00000| Untracked 
|  43|0x00000000a4d00000, 0x00000000a4d00000, 0x00000000a4e00000|  0%| F|  |TAMS 0x00000000a4d00000| PB 0x00000000a4d00000| Untracked 
|  44|0x00000000a4e00000, 0x00000000a4e00000, 0x00000000a4f00000|  0%| F|  |TAMS 0x00000000a4e00000| PB 0x00000000a4e00000| Untracked 
|  45|0x00000000a4f00000, 0x00000000a4f00000, 0x00000000a5000000|  0%| F|  |TAMS 0x00000000a4f00000| PB 0x00000000a4f00000| Untracked 
|  46|0x00000000a5000000, 0x00000000a5000000, 0x00000000a5100000|  0%| F|  |TAMS 0x00000000a5000000| PB 0x00000000a5000000| Untracked 
|  47|0x00000000a5100000, 0x00000000a5100000, 0x00000000a5200000|  0%| F|  |TAMS 0x00000000a5100000| PB 0x00000000a5100000| Untracked 
|  48|0x00000000a5200000, 0x00000000a5200000, 0x00000000a5300000|  0%| F|  |TAMS 0x00000000a5200000| PB 0x00000000a5200000| Untracked 
|  49|0x00000000a5300000, 0x00000000a5300000, 0x00000000a5400000|  0%| F|  |TAMS 0x00000000a5300000| PB 0x00000000a5300000| Untracked 
|  50|0x00000000a5400000, 0x00000000a5400000, 0x00000000a5500000|  0%| F|  |TAMS 0x00000000a5400000| PB 0x00000000a5400000| Untracked 
|  51|0x00000000a5500000, 0x00000000a5500000, 0x00000000a5600000|  0%| F|  |TAMS 0x00000000a5500000| PB 0x00000000a5500000| Untracked 
|  52|0x00000000a5600000, 0x00000000a5600000, 0x00000000a5700000|  0%| F|  |TAMS 0x00000000a5600000| PB 0x00000000a5600000| Untracked 
|  53|0x00000000a5700000, 0x00000000a5700000, 0x00000000a5800000|  0%| F|  |TAMS 0x00000000a5700000| PB 0x00000000a5700000| Untracked 
|  54|0x00000000a5800000, 0x00000000a5800000, 0x00000000a5900000|  0%| F|  |TAMS 0x00000000a5800000| PB 0x00000000a5800000| Untracked 
|  55|0x00000000a5900000, 0x00000000a5900000, 0x00000000a5a00000|  0%| F|  |TAMS 0x00000000a5900000| PB 0x00000000a5900000| Untracked 
|  56|0x00000000a5a00000, 0x00000000a5a00000, 0x00000000a5b00000|  0%| F|  |TAMS 0x00000000a5a00000| PB 0x00000000a5a00000| Untracked 
|  57|0x00000000a5b00000, 0x00000000a5b00000, 0x00000000a5c00000|  0%| F|  |TAMS 0x00000000a5b00000| PB 0x00000000a5b00000| Untracked 
|  58|0x00000000a5c00000, 0x00000000a5c00000, 0x00000000a5d00000|  0%| F|  |TAMS 0x00000000a5c00000| PB 0x00000000a5c00000| Untracked 
|  59|0x00000000a5d00000, 0x00000000a5d00000, 0x00000000a5e00000|  0%| F|  |TAMS 0x00000000a5d00000| PB 0x00000000a5d00000| Untracked 
|  60|0x00000000a5e00000, 0x00000000a5e00000, 0x00000000a5f00000|  0%| F|  |TAMS 0x00000000a5e00000| PB 0x00000000a5e00000| Untracked 
|  61|0x00000000a5f00000, 0x00000000a5f00000, 0x00000000a6000000|  0%| F|  |TAMS 0x00000000a5f00000| PB 0x00000000a5f00000| Untracked 
|  62|0x00000000a6000000, 0x00000000a6000000, 0x00000000a6100000|  0%| F|  |TAMS 0x00000000a6000000| PB 0x00000000a6000000| Untracked 
|  63|0x00000000a6100000, 0x00000000a6100000, 0x00000000a6200000|  0%| F|  |TAMS 0x00000000a6100000| PB 0x00000000a6100000| Untracked 
|  64|0x00000000a6200000, 0x00000000a6200000, 0x00000000a6300000|  0%| F|  |TAMS 0x00000000a6200000| PB 0x00000000a6200000| Untracked 
|  65|0x00000000a6300000, 0x00000000a6300000, 0x00000000a6400000|  0%| F|  |TAMS 0x00000000a6300000| PB 0x00000000a6300000| Untracked 
|  66|0x00000000a6400000, 0x00000000a6400000, 0x00000000a6500000|  0%| F|  |TAMS 0x00000000a6400000| PB 0x00000000a6400000| Untracked 
|  67|0x00000000a6500000, 0x00000000a6500000, 0x00000000a6600000|  0%| F|  |TAMS 0x00000000a6500000| PB 0x00000000a6500000| Untracked 
|  68|0x00000000a6600000, 0x00000000a6600000, 0x00000000a6700000|  0%| F|  |TAMS 0x00000000a6600000| PB 0x00000000a6600000| Untracked 
|  69|0x00000000a6700000, 0x00000000a6700000, 0x00000000a6800000|  0%| F|  |TAMS 0x00000000a6700000| PB 0x00000000a6700000| Untracked 
|  70|0x00000000a6800000, 0x00000000a6800000, 0x00000000a6900000|  0%| F|  |TAMS 0x00000000a6800000| PB 0x00000000a6800000| Untracked 
|  71|0x00000000a6900000, 0x00000000a6900000, 0x00000000a6a00000|  0%| F|  |TAMS 0x00000000a6900000| PB 0x00000000a6900000| Untracked 
|  72|0x00000000a6a00000, 0x00000000a6a00000, 0x00000000a6b00000|  0%| F|  |TAMS 0x00000000a6a00000| PB 0x00000000a6a00000| Untracked 
|  73|0x00000000a6b00000, 0x00000000a6b00000, 0x00000000a6c00000|  0%| F|  |TAMS 0x00000000a6b00000| PB 0x00000000a6b00000| Untracked 
|  74|0x00000000a6c00000, 0x00000000a6c00000, 0x00000000a6d00000|  0%| F|  |TAMS 0x00000000a6c00000| PB 0x00000000a6c00000| Untracked 
|  75|0x00000000a6d00000, 0x00000000a6d00000, 0x00000000a6e00000|  0%| F|  |TAMS 0x00000000a6d00000| PB 0x00000000a6d00000| Untracked 
|  76|0x00000000a6e00000, 0x00000000a6e00000, 0x00000000a6f00000|  0%| F|  |TAMS 0x00000000a6e00000| PB 0x00000000a6e00000| Untracked 
|  77|0x00000000a6f00000, 0x00000000a6f00000, 0x00000000a7000000|  0%| F|  |TAMS 0x00000000a6f00000| PB 0x00000000a6f00000| Untracked 
|  78|0x00000000a7000000, 0x00000000a7000000, 0x00000000a7100000|  0%| F|  |TAMS 0x00000000a7000000| PB 0x00000000a7000000| Untracked 
|  79|0x00000000a7100000, 0x00000000a7200000, 0x00000000a7200000|100%| S|CS|TAMS 0x00000000a7100000| PB 0x00000000a7100000| Complete 
|  80|0x00000000a7200000, 0x00000000a7300000, 0x00000000a7300000|100%| S|CS|TAMS 0x00000000a7200000| PB 0x00000000a7200000| Complete 
|  81|0x00000000a7300000, 0x00000000a7300000, 0x00000000a7400000|  0%| F|  |TAMS 0x00000000a7300000| PB 0x00000000a7300000| Untracked 
|  82|0x00000000a7400000, 0x00000000a7400000, 0x00000000a7500000|  0%| F|  |TAMS 0x00000000a7400000| PB 0x00000000a7400000| Untracked 
|  83|0x00000000a7500000, 0x00000000a7500000, 0x00000000a7600000|  0%| F|  |TAMS 0x00000000a7500000| PB 0x00000000a7500000| Untracked 
|  84|0x00000000a7600000, 0x00000000a7600000, 0x00000000a7700000|  0%| F|  |TAMS 0x00000000a7600000| PB 0x00000000a7600000| Untracked 
|  85|0x00000000a7700000, 0x00000000a7700000, 0x00000000a7800000|  0%| F|  |TAMS 0x00000000a7700000| PB 0x00000000a7700000| Untracked 
|  86|0x00000000a7800000, 0x00000000a7800000, 0x00000000a7900000|  0%| F|  |TAMS 0x00000000a7800000| PB 0x00000000a7800000| Untracked 
|  87|0x00000000a7900000, 0x00000000a7900000, 0x00000000a7a00000|  0%| F|  |TAMS 0x00000000a7900000| PB 0x00000000a7900000| Untracked 
|  88|0x00000000a7a00000, 0x00000000a7a00000, 0x00000000a7b00000|  0%| F|  |TAMS 0x00000000a7a00000| PB 0x00000000a7a00000| Untracked 
|  89|0x00000000a7b00000, 0x00000000a7b00000, 0x00000000a7c00000|  0%| F|  |TAMS 0x00000000a7b00000| PB 0x00000000a7b00000| Untracked 
|  90|0x00000000a7c00000, 0x00000000a7c00000, 0x00000000a7d00000|  0%| F|  |TAMS 0x00000000a7c00000| PB 0x00000000a7c00000| Untracked 
|  91|0x00000000a7d00000, 0x00000000a7d00000, 0x00000000a7e00000|  0%| F|  |TAMS 0x00000000a7d00000| PB 0x00000000a7d00000| Untracked 
|  92|0x00000000a7e00000, 0x00000000a7e00000, 0x00000000a7f00000|  0%| F|  |TAMS 0x00000000a7e00000| PB 0x00000000a7e00000| Untracked 
|  93|0x00000000a7f00000, 0x00000000a7fd66f0, 0x00000000a8000000| 83%| E|  |TAMS 0x00000000a7f00000| PB 0x00000000a7f00000| Complete 

Card table byte_map: [0x000002076fdc0000,0x00000207700b0000] _byte_map_base: 0x000002076f8af000

Marking Bits: (CMBitMap*) 0x00000207586d8890
 Bits: [0x00000207700b0000, 0x0000020771828000)

Polling page: 0x0000020756520000

Metaspace:

Usage:
  Non-class:      5.46 MB used.
      Class:    649.45 KB used.
       Both:      6.09 MB used.

Virtual space:
  Non-class space:       64.00 MB reserved,       5.50 MB (  9%) committed,  1 nodes.
      Class space:        1.00 GB reserved,     768.00 KB ( <1%) committed,  1 nodes.
             Both:        1.06 GB reserved,       6.25 MB ( <1%) committed. 

Chunk freelists:
   Non-Class:  10.38 MB
       Class:  15.24 MB
        Both:  25.62 MB

MaxMetaspaceSize: unlimited
CompressedClassSpaceSize: 1.00 GB
Initial GC threshold: 21.00 MB
Current GC threshold: 21.00 MB
CDS: on
 - commit_granule_bytes: 65536.
 - commit_granule_words: 8192.
 - virtual_space_node_default_size: 8388608.
 - enlarge_chunks_in_place: 1.
 - use_allocation_guard: 0.


Internal statistics:

num_allocs_failed_limit: 0.
num_arena_births: 128.
num_arena_deaths: 0.
num_vsnodes_births: 2.
num_vsnodes_deaths: 0.
num_space_committed: 100.
num_space_uncommitted: 0.
num_chunks_returned_to_freelist: 0.
num_chunks_taken_from_freelist: 151.
num_chunk_merges: 0.
num_chunk_splits: 93.
num_chunks_enlarged: 41.
num_inconsistent_stats: 0.

CodeHeap 'non-profiled nmethods': size=120000Kb used=314Kb max_used=314Kb free=119685Kb
 bounds [0x00000207685a0000, 0x0000020768810000, 0x000002076fad0000]
CodeHeap 'profiled nmethods': size=120000Kb used=1640Kb max_used=1640Kb free=118359Kb
 bounds [0x0000020760ad0000, 0x0000020760d40000, 0x0000020768000000]
CodeHeap 'non-nmethods': size=5760Kb used=1509Kb max_used=1509Kb free=4251Kb
 bounds [0x0000020768000000, 0x0000020768270000, 0x00000207685a0000]
 total_blobs=1485 nmethods=906 adapters=485
 compilation: enabled
              stopped_count=0, restarted_count=0
 full_count=0

Compilation events (20 events):
Event: 1.360 Thread 0x0000020773d15130  845       3       java.lang.ref.Cleaner$1::apply (5 bytes)
Event: 1.360 Thread 0x0000020773d15130 nmethod 845 0x0000020760c4ec90 code [0x0000020760c4ee20, 0x0000020760c4ef38]
Event: 1.360 Thread 0x0000020773d15130  846       1       java.beans.PropertyChangeEvent::getOldValue (5 bytes)
Event: 1.360 Thread 0x0000020773d15130 nmethod 846 0x00000207685ebd90 code [0x00000207685ebf20, 0x00000207685ebfe8]
Event: 1.360 Thread 0x0000020773d15130  847       1       java.beans.PropertyChangeEvent::getNewValue (5 bytes)
Event: 1.360 Thread 0x0000020773d15130 nmethod 847 0x00000207685ec090 code [0x00000207685ec220, 0x00000207685ec2e8]
Event: 1.361 Thread 0x0000020773d15130  848       3       java.util.concurrent.ConcurrentHashMap$Node::<init> (14 bytes)
Event: 1.362 Thread 0x0000020773d15130 nmethod 848 0x0000020760c4f010 code [0x0000020760c4f1c0, 0x0000020760c4f4b0]
Event: 1.367 Thread 0x0000020773d15130  849       3       java.lang.Integer::valueOf (32 bytes)
Event: 1.367 Thread 0x0000020773d15130 nmethod 849 0x0000020760c4f590 code [0x0000020760c4f760, 0x0000020760c4fa80]
Event: 1.368 Thread 0x0000020773d15130  850       3       java.lang.Integer::<init> (10 bytes)
Event: 1.368 Thread 0x0000020773d15130 nmethod 850 0x0000020760c4fb90 code [0x0000020760c4fd40, 0x0000020760c4ff10]
Event: 1.368 Thread 0x0000020773d15130  851       3       java.lang.Integer::hashCode (8 bytes)
Event: 1.368 Thread 0x0000020773d15130 nmethod 851 0x0000020760c50010 code [0x0000020760c501c0, 0x0000020760c50328]
Event: 1.368 Thread 0x0000020773d15130  852       3       java.lang.Integer::hashCode (2 bytes)
Event: 1.368 Thread 0x0000020773d15130 nmethod 852 0x0000020760c50410 code [0x0000020760c505a0, 0x0000020760c50690]
Event: 1.369 Thread 0x0000020773d15130  853       1       java.lang.Integer::intValue (5 bytes)
Event: 1.369 Thread 0x0000020773d15130 nmethod 853 0x00000207685ec390 code [0x00000207685ec520, 0x00000207685ec5e8]
Event: 1.384 Thread 0x0000020773d15130  854       3       java.lang.invoke.InnerClassLambdaMetafactory::getOpcodeOffset (38 bytes)
Event: 1.384 Thread 0x0000020773d15130 nmethod 854 0x0000020760c50710 code [0x0000020760c508e0, 0x0000020760c50bc0]

GC Heap History (0 events):
No events

Dll operation events (7 events):
Event: 0.031 Loaded shared library C:\Program Files\Java\jdk-21\bin\java.dll
Event: 0.107 Loaded shared library C:\Program Files\Java\jdk-21\bin\jsvml.dll
Event: 0.192 Loaded shared library C:\Program Files\Java\jdk-21\bin\net.dll
Event: 0.198 Loaded shared library C:\Program Files\Java\jdk-21\bin\nio.dll
Event: 0.257 Loaded shared library C:\Program Files\Java\jdk-21\bin\zip.dll
Event: 0.287 Loaded shared library C:\Program Files\Java\jdk-21\bin\jimage.dll
Event: 0.330 Loaded shared library C:\Program Files\Java\jdk-21\bin\awt.dll

Deoptimization events (20 events):
Event: 1.278 Thread 0x00000207783494b0 DEOPT PACKING pc=0x0000020760c4c359 sp=0x000000e1205fea90
Event: 1.278 Thread 0x00000207783494b0 DEOPT UNPACKING pc=0x0000020768054e23 sp=0x000000e1205fdf20 mode 0
Event: 1.280 Thread 0x00000207783494b0 DEOPT PACKING pc=0x0000020760c4c359 sp=0x000000e1205fea90
Event: 1.280 Thread 0x00000207783494b0 DEOPT UNPACKING pc=0x0000020768054e23 sp=0x000000e1205fdf20 mode 0
Event: 1.281 Thread 0x00000207783494b0 DEOPT PACKING pc=0x0000020760c4c359 sp=0x000000e1205fea90
Event: 1.281 Thread 0x00000207783494b0 DEOPT UNPACKING pc=0x0000020768054e23 sp=0x000000e1205fdf20 mode 0
Event: 1.283 Thread 0x00000207783494b0 DEOPT PACKING pc=0x0000020760c4c359 sp=0x000000e1205fea90
Event: 1.283 Thread 0x00000207783494b0 DEOPT UNPACKING pc=0x0000020768054e23 sp=0x000000e1205fdf20 mode 0
Event: 1.285 Thread 0x00000207783494b0 DEOPT PACKING pc=0x0000020760c4c359 sp=0x000000e1205fea90
Event: 1.285 Thread 0x00000207783494b0 DEOPT UNPACKING pc=0x0000020768054e23 sp=0x000000e1205fdf20 mode 0
Event: 1.287 Thread 0x00000207783494b0 DEOPT PACKING pc=0x0000020760c4c359 sp=0x000000e1205fea90
Event: 1.287 Thread 0x00000207783494b0 DEOPT UNPACKING pc=0x0000020768054e23 sp=0x000000e1205fdf20 mode 0
Event: 1.288 Thread 0x00000207783494b0 DEOPT PACKING pc=0x0000020760c4c359 sp=0x000000e1205fea90
Event: 1.288 Thread 0x00000207783494b0 DEOPT UNPACKING pc=0x0000020768054e23 sp=0x000000e1205fdf20 mode 0
Event: 1.345 Thread 0x00000207783494b0 DEOPT PACKING pc=0x0000020760c3066c sp=0x000000e1205fea40
Event: 1.345 Thread 0x00000207783494b0 DEOPT UNPACKING pc=0x0000020768054e23 sp=0x000000e1205fdf10 mode 0
Event: 1.347 Thread 0x00000207783494b0 Uncommon trap: trap_request=0xffffff45 fr.pc=0x00000207685e3e30 relative=0x0000000000000310
Event: 1.347 Thread 0x00000207783494b0 Uncommon trap: reason=unstable_if action=reinterpret pc=0x00000207685e3e30 method=sun.awt.image.ImageRepresentation.getOpaqueRGBImage()Ljava/awt/image/BufferedImage; @ 57 c2
Event: 1.347 Thread 0x00000207783494b0 DEOPT PACKING pc=0x00000207685e3e30 sp=0x000000e1205fea80
Event: 1.347 Thread 0x00000207783494b0 DEOPT UNPACKING pc=0x000002076805469c sp=0x000000e1205fea10 mode 2

Classes loaded (20 events):
Event: 1.397 Loading class sun/java2d/loops/FillPath done
Event: 1.397 Loading class sun/java2d/loops/MaskBlit
Event: 1.397 Loading class sun/java2d/loops/MaskBlit done
Event: 1.397 Loading class sun/java2d/loops/MaskFill
Event: 1.398 Loading class sun/java2d/loops/MaskFill done
Event: 1.398 Loading class sun/java2d/loops/DrawGlyphList
Event: 1.398 Loading class sun/java2d/loops/DrawGlyphList done
Event: 1.398 Loading class sun/java2d/loops/DrawGlyphListAA
Event: 1.398 Loading class sun/java2d/loops/DrawGlyphListAA done
Event: 1.398 Loading class sun/java2d/loops/DrawGlyphListLCD
Event: 1.399 Loading class sun/java2d/loops/DrawGlyphListLCD done
Event: 1.399 Loading class sun/java2d/loops/TransformHelper
Event: 1.399 Loading class sun/java2d/loops/TransformHelper done
Event: 1.401 Loading class java/awt/BasicStroke
Event: 1.401 Loading class java/awt/Stroke
Event: 1.401 Loading class java/awt/Stroke done
Event: 1.401 Loading class java/awt/BasicStroke done
Event: 1.402 Loading class sun/java2d/pipe/ValidatePipe
Event: 1.402 Loading class sun/java2d/pipe/ValidatePipe done
Event: 1.403 Loading class sun/java2d/loops/CustomComponent

Classes unloaded (0 events):
No events

Classes redefined (0 events):
No events

Internal exceptions (13 events):
Event: 0.201 Thread 0x00000207565d8140 Exception <a 'sun/nio/fs/WindowsException'{0x00000000a7e77020}> (0x00000000a7e77020) 
thrown [s\open\src\hotspot\share\prims\jni.cpp, line 520]
Event: 0.205 Thread 0x00000207565d8140 Exception <a 'sun/nio/fs/WindowsException'{0x00000000a7e79658}> (0x00000000a7e79658) 
thrown [s\open\src\hotspot\share\prims\jni.cpp, line 520]
Event: 0.205 Thread 0x00000207565d8140 Exception <a 'sun/nio/fs/WindowsException'{0x00000000a7e7a1b0}> (0x00000000a7e7a1b0) 
thrown [s\open\src\hotspot\share\prims\jni.cpp, line 520]
Event: 0.302 Thread 0x00000207565d8140 Exception <a 'java/lang/ClassNotFoundException'{0x00000000a7d809c8}: sun/awt/resources/spi/awtProvider> (0x00000000a7d809c8) 
thrown [s\open\src\hotspot\share\classfile\systemDictionary.cpp, line 312]
Event: 0.357 Thread 0x00000207565d8140 Exception <a 'java/io/FileNotFoundException'{0x00000000a7dd5e20}> (0x00000000a7dd5e20) 
thrown [s\open\src\hotspot\share\prims\jni.cpp, line 520]
Event: 0.374 Thread 0x00000207565d8140 Exception <a 'java/io/FileNotFoundException'{0x00000000a7c00000}> (0x00000000a7c00000) 
thrown [s\open\src\hotspot\share\prims\jni.cpp, line 520]
Event: 0.554 Thread 0x00000207565d8140 Exception <a 'java/lang/NoSuchMethodError'{0x00000000a7b0d6e0}: 'void java.lang.invoke.DirectMethodHandle$Holder.invokeSpecial(java.lang.Object, java.lang.Object, java.lang.Object)'> (0x00000000a7b0d6e0) 
thrown [s\open\src\hotspot\share\interpreter\linkResolver.cpp, line 773]
Event: 0.571 Thread 0x00000207565d8140 Exception <a 'java/lang/NoSuchMethodError'{0x00000000a7b331d0}: 'java.lang.Object java.lang.invoke.DirectMethodHandle$Holder.newInvokeSpecial(java.lang.Object, java.lang.Object, java.lang.Object, java.lang.Object, java.lang.Object)'> (0x00000000a7b331d0) 
thrown [s\open\src\hotspot\share\interpreter\linkResolver.cpp, line 773]
Event: 0.584 Thread 0x00000207565d8140 Exception <a 'java/lang/NoSuchMethodError'{0x00000000a7b5efc0}: 'java.lang.Object java.lang.invoke.DirectMethodHandle$Holder.invokeStatic(java.lang.Object, int, java.lang.Object)'> (0x00000000a7b5efc0) 
thrown [s\open\src\hotspot\share\interpreter\linkResolver.cpp, line 773]
Event: 0.627 Thread 0x00000207565d8140 Exception <a 'java/lang/ClassNotFoundException'{0x00000000a7bfe928}: com/sun/swing/internal/plaf/metal/resources/spi/metalProvider> (0x00000000a7bfe928) 
thrown [s\open\src\hotspot\share\classfile\systemDictionary.cpp, line 312]
Event: 0.628 Thread 0x00000207565d8140 Exception <a 'java/lang/ClassNotFoundException'{0x00000000a7a02d20}: com/sun/swing/internal/plaf/basic/resources/spi/basicProvider> (0x00000000a7a02d20) 
thrown [s\open\src\hotspot\share\classfile\systemDictionary.cpp, line 312]
Event: 0.651 Thread 0x00000207565d8140 Exception <a 'java/lang/NoSuchMethodError'{0x00000000a7a21fa0}: 'int java.lang.invoke.Invokers$Holder.invokeExact_MT(java.lang.Object, java.lang.Object)'> (0x00000000a7a21fa0) 
thrown [s\open\src\hotspot\share\interpreter\linkResolver.cpp, line 773]
Event: 0.846 Thread 0x00000207783494b0 Exception <a 'java/lang/NoSuchMethodError'{0x00000000a79e87a0}: 'java.lang.Object java.lang.invoke.DirectMethodHandle$Holder.newInvokeSpecial(java.lang.Object, java.lang.Object, java.lang.Object, int, int, int, int, int)'> (0x00000000a79e87a0) 
thrown [s\open\src\hotspot\share\interpreter\linkResolver.cpp, line 773]

ZGC Phase Switch (0 events):
No events

VM Operations (12 events):
Event: 0.208 Executing VM operation: HandshakeAllThreads (Deoptimize)
Event: 0.208 Executing VM operation: HandshakeAllThreads (Deoptimize) done
Event: 0.393 Executing VM operation: HandshakeAllThreads (Deoptimize)
Event: 0.393 Executing VM operation: HandshakeAllThreads (Deoptimize) done
Event: 0.788 Executing VM operation: HandshakeAllThreads (Deoptimize)
Event: 0.788 Executing VM operation: HandshakeAllThreads (Deoptimize) done
Event: 1.080 Executing VM operation: HandshakeAllThreads (Deoptimize)
Event: 1.080 Executing VM operation: HandshakeAllThreads (Deoptimize) done
Event: 1.080 Executing VM operation: Cleanup
Event: 1.080 Executing VM operation: Cleanup done
Event: 1.353 Executing VM operation: HandshakeAllThreads (Deoptimize)
Event: 1.353 Executing VM operation: HandshakeAllThreads (Deoptimize) done

Events (17 events):
Event: 0.067 Thread 0x00000207565d8140 Thread added: 0x00000207565d8140
Event: 0.103 Thread 0x0000020773cf2b70 Thread added: 0x0000020773cf2b70
Event: 0.104 Thread 0x0000020773cf48a0 Thread added: 0x0000020773cf48a0
Event: 0.104 Thread 0x0000020773cf9f40 Thread added: 0x0000020773cf9f40
Event: 0.104 Thread 0x0000020773cfbb10 Thread added: 0x0000020773cfbb10
Event: 0.104 Thread 0x0000020773cff700 Thread added: 0x0000020773cff700
Event: 0.105 Thread 0x0000020773d00cd0 Thread added: 0x0000020773d00cd0
Event: 0.105 Thread 0x0000020773d0f730 Thread added: 0x0000020773d0f730
Event: 0.105 Thread 0x0000020773d15130 Thread added: 0x0000020773d15130
Event: 0.166 Thread 0x00000207780be8c0 Thread added: 0x00000207780be8c0
Event: 0.239 Thread 0x0000020778171bf0 Thread added: 0x0000020778171bf0
Event: 0.250 Thread 0x00000207782b75c0 Thread added: 0x00000207782b75c0
Event: 0.482 Thread 0x00000207782ef6b0 Thread added: 0x00000207782ef6b0
Event: 0.487 Thread 0x00000207782f4a10 Thread added: 0x00000207782f4a10
Event: 0.490 Thread 0x00000207782f7e00 Thread added: 0x00000207782f7e00
Event: 0.666 Thread 0x00000207783494b0 Thread added: 0x00000207783494b0
Event: 1.380 Thread 0x0000020778c21ae0 Thread added: 0x0000020778c21ae0


Dynamic libraries:
0x00007ff6cc450000 - 0x00007ff6cc460000 	C:\Program Files\Java\jdk-21\bin\java.exe
0x00007ffe5d690000 - 0x00007ffe5d888000 	C:\WINDOWS\SYSTEM32\ntdll.dll
0x00007ffe5ce60000 - 0x00007ffe5cf1f000 	C:\WINDOWS\System32\KERNEL32.DLL
0x00007ffe5afe0000 - 0x00007ffe5b2ba000 	C:\WINDOWS\System32\KERNELBASE.dll
0x00007ffe58640000 - 0x00007ffe586d0000 	C:\WINDOWS\SYSTEM32\apphelp.dll
0x00007ffe5b2c0000 - 0x00007ffe5b3c0000 	C:\WINDOWS\System32\ucrtbase.dll
0x00007ffe50ca0000 - 0x00007ffe50cbb000 	C:\Program Files\Java\jdk-21\bin\VCRUNTIME140.dll
0x00007ffe50ba0000 - 0x00007ffe50bb9000 	C:\Program Files\Java\jdk-21\bin\jli.dll
0x00007ffe5d130000 - 0x00007ffe5d1de000 	C:\WINDOWS\System32\ADVAPI32.dll
0x00007ffe5c590000 - 0x00007ffe5c62e000 	C:\WINDOWS\System32\msvcrt.dll
0x00007ffe5b6f0000 - 0x00007ffe5b78c000 	C:\WINDOWS\System32\sechost.dll
0x00007ffe5b790000 - 0x00007ffe5b8b6000 	C:\WINDOWS\System32\RPCRT4.dll
0x00007ffe5ca20000 - 0x00007ffe5cbbd000 	C:\WINDOWS\System32\USER32.dll
0x00007ffe5b4a0000 - 0x00007ffe5b4c2000 	C:\WINDOWS\System32\win32u.dll
0x00007ffe5c840000 - 0x00007ffe5c86b000 	C:\WINDOWS\System32\GDI32.dll
0x00007ffe5aed0000 - 0x00007ffe5afe0000 	C:\WINDOWS\System32\gdi32full.dll
0x00007ffe5ae30000 - 0x00007ffe5aecd000 	C:\WINDOWS\System32\msvcp_win.dll
0x00007ffe4cbc0000 - 0x00007ffe4ce5a000 	C:\WINDOWS\WinSxS\amd64_microsoft.windows.common-controls_6595b64144ccf1df_6.0.19041.1110_none_60b5254171f9507e\COMCTL32.dll
0x00007ffe5a8c0000 - 0x00007ffe5a8ca000 	C:\WINDOWS\SYSTEM32\VERSION.dll
0x00007ffe5c560000 - 0x00007ffe5c590000 	C:\WINDOWS\System32\IMM32.DLL
0x0000000066fd0000 - 0x0000000066fdc000 	C:\Program Files (x86)\360\Total Security\safemon\SafeWrapper.dll
0x00007ffe2c9f0000 - 0x00007ffe2ca82000 	C:\Program Files (x86)\360\Total Security\safemon\libzdtp64.dll
0x00007ffe5b8c0000 - 0x00007ffe5c004000 	C:\WINDOWS\System32\SHELL32.dll
0x00007ffe5c7e0000 - 0x00007ffe5c835000 	C:\WINDOWS\System32\SHLWAPI.dll
0x00007ffe585f0000 - 0x00007ffe585fc000 	C:\Program Files\Java\jdk-21\bin\vcruntime140_1.dll
0x00007ffe3c080000 - 0x00007ffe3c10e000 	C:\Program Files\Java\jdk-21\bin\msvcp140.dll
0x00007ffe159a0000 - 0x00007ffe166b5000 	C:\Program Files\Java\jdk-21\bin\server\jvm.dll
0x00007ffe5c770000 - 0x00007ffe5c7db000 	C:\WINDOWS\System32\WS2_32.dll
0x00007ffe5ab10000 - 0x00007ffe5ab5b000 	C:\WINDOWS\SYSTEM32\POWRPROF.dll
0x00007ffe49000000 - 0x00007ffe49027000 	C:\WINDOWS\SYSTEM32\WINMM.dll
0x00007ffe5aaf0000 - 0x00007ffe5ab02000 	C:\WINDOWS\SYSTEM32\UMPDC.dll
0x00007ffe58c10000 - 0x00007ffe58c22000 	C:\WINDOWS\SYSTEM32\kernel.appcore.dll
0x00007ffe55a20000 - 0x00007ffe55a2a000 	C:\Program Files\Java\jdk-21\bin\jimage.dll
0x00007ffe54040000 - 0x00007ffe54224000 	C:\WINDOWS\SYSTEM32\DBGHELP.DLL
0x00007ffe53c80000 - 0x00007ffe53cb4000 	C:\WINDOWS\SYSTEM32\dbgcore.DLL
0x00007ffe5ada0000 - 0x00007ffe5ae22000 	C:\WINDOWS\System32\bcryptPrimitives.dll
0x00007ffe50b80000 - 0x00007ffe50b9f000 	C:\Program Files\Java\jdk-21\bin\java.dll
0x00007ffe58e10000 - 0x00007ffe595a3000 	C:\WINDOWS\SYSTEM32\windows.storage.dll
0x00007ffe5c150000 - 0x00007ffe5c4a4000 	C:\WINDOWS\System32\combase.dll
0x00007ffe5a6b0000 - 0x00007ffe5a6de000 	C:\WINDOWS\SYSTEM32\Wldp.dll
0x00007ffe5c4b0000 - 0x00007ffe5c55d000 	C:\WINDOWS\System32\SHCORE.dll
0x00007ffe5ace0000 - 0x00007ffe5acff000 	C:\WINDOWS\SYSTEM32\profapi.dll
0x00007ffe2a0a0000 - 0x00007ffe2a177000 	C:\Program Files\Java\jdk-21\bin\jsvml.dll
0x00007ffe58600000 - 0x00007ffe58610000 	C:\Program Files\Java\jdk-21\bin\net.dll
0x00007ffe53ed0000 - 0x00007ffe53fda000 	C:\WINDOWS\SYSTEM32\WINHTTP.dll
0x00007ffe5a410000 - 0x00007ffe5a47a000 	C:\WINDOWS\system32\mswsock.dll
0x00007ffe58580000 - 0x00007ffe58596000 	C:\Program Files\Java\jdk-21\bin\nio.dll
0x00007ffe50db0000 - 0x00007ffe50dc8000 	C:\Program Files\Java\jdk-21\bin\zip.dll
0x00007ffe27390000 - 0x00007ffe2751f000 	C:\Program Files\Java\jdk-21\bin\awt.dll
0x00007ffe5c870000 - 0x00007ffe5c93d000 	C:\WINDOWS\System32\OLEAUT32.dll
0x00007ffe58920000 - 0x00007ffe5894f000 	C:\WINDOWS\system32\DWMAPI.DLL
0x00007ffe58740000 - 0x00007ffe587de000 	C:\WINDOWS\system32\uxtheme.dll
0x00007ffe26da0000 - 0x00007ffe26ec5000 	C:\WINDOWS\system32\opengl32.dll
0x00007ffe4cfa0000 - 0x00007ffe4cfcc000 	C:\WINDOWS\SYSTEM32\GLU32.dll
0x00007ffe5c030000 - 0x00007ffe5c144000 	C:\WINDOWS\System32\MSCTF.dll
0x00007ffe5c630000 - 0x00007ffe5c75a000 	C:\WINDOWS\System32\ole32.dll
0x00007ffe35db0000 - 0x00007ffe35e37000 	C:\Program Files\Java\jdk-21\bin\freetype.dll
0x00007ffe26cc0000 - 0x00007ffe26d93000 	C:\Program Files\Java\jdk-21\bin\fontmanager.dll

dbghelp: loaded successfully - version: 4.0.5 - missing functions: none
symbol engine: initialized successfully - sym options: 0x614 - pdb path: .;C:\Program Files\Java\jdk-21\bin;C:\WINDOWS\SYSTEM32;C:\WINDOWS\WinSxS\amd64_microsoft.windows.common-controls_6595b64144ccf1df_6.0.19041.1110_none_60b5254171f9507e;C:\Program Files (x86)\360\Total Security\safemon;C:\Program Files\Java\jdk-21\bin\server

VM Arguments:
jvm_args: -Dfile.encoding=UTF-8 --module-path=C:\Users\Kamlesh\Documents\NetBeansProjects\Employee Management System\build\classes 
java_command: employee.management.system.Splash
java_class_path (initial): C:\Users\Kamlesh\Downloads\mysql-connector-java-8.0.28.jar;C:\Users\Kamlesh\Documents\NetBeansProjects\Employee Management System\build\classes
Launcher Type: SUN_STANDARD

[Global flags]
     intx CICompilerCount                          = 3                                         {product} {ergonomic}
     uint ConcGCThreads                            = 1                                         {product} {ergonomic}
     uint G1ConcRefinementThreads                  = 4                                         {product} {ergonomic}
   size_t G1HeapRegionSize                         = 1048576                                   {product} {ergonomic}
    uintx GCDrainStackTargetSize                   = 64                                        {product} {ergonomic}
   size_t InitialHeapSize                          = 98566144                                  {product} {ergonomic}
   size_t MarkStackSize                            = 4194304                                   {product} {ergonomic}
   size_t MaxHeapSize                              = 1574961152                                {product} {ergonomic}
   size_t MaxNewSize                               = 944766976                                 {product} {ergonomic}
   size_t MinHeapDeltaBytes                        = 1048576                                   {product} {ergonomic}
   size_t MinHeapSize                              = 8388608                                   {product} {ergonomic}
    uintx NonNMethodCodeHeapSize                   = 5832780                                {pd product} {ergonomic}
    uintx NonProfiledCodeHeapSize                  = 122912730                              {pd product} {ergonomic}
    uintx ProfiledCodeHeapSize                     = 122912730                              {pd product} {ergonomic}
    uintx ReservedCodeCacheSize                    = 251658240                              {pd product} {ergonomic}
     bool SegmentedCodeCache                       = true                                      {product} {ergonomic}
   size_t SoftMaxHeapSize                          = 1574961152                             {manageable} {ergonomic}
     bool UseCompressedOops                        = true                           {product lp64_product} {ergonomic}
     bool UseG1GC                                  = true                                      {product} {ergonomic}
     bool UseLargePagesIndividualAllocation        = false                                  {pd product} {ergonomic}

Logging:
Log output configuration:
 #0: stdout all=warning uptime,level,tags foldmultilines=false
 #1: stderr all=off uptime,level,tags foldmultilines=false

Environment Variables:
PATH=C:\Program Files\Common Files\Oracle\Java\javapath;C:\WINDOWS\system32;C:\WINDOWS;C:\WINDOWS\System32\Wbem;C:\WINDOWS\System32\WindowsPowerShell\v1.0\;C:\WINDOWS\System32\OpenSSH\;C:\Users\Kamlesh\AppData\Local\Programs\Python\Python39;C:\Users\Kamlesh\AppData\Local\Programs\Python\Python39\Scripts;C:\Program Files\Java\jdk-20\bin;C:\Program Files\swipl\bin;C:\Program Files\Java\jdk-21\bin;C:\Users\Kamlesh\AppData\Local\Microsoft\WindowsApps;;C:\Users\Kamlesh\AppData\Local\Programs\Microsoft VS Code\bin
USERNAME=Kamlesh
OS=Windows_NT
PROCESSOR_IDENTIFIER=Intel64 Family 6 Model 37 Stepping 2, GenuineIntel
TMP=C:\Users\Kamlesh\AppData\Local\Temp
TEMP=C:\Users\Kamlesh\AppData\Local\Temp




Periodic native trim disabled

---------------  S Y S T E M  ---------------

OS:
 Windows 10 , 64 bit Build 19041 (10.0.19041.2788)
OS uptime: 4 days 23:12 hours

CPU: total 4 (initial active 4) (2 cores per cpu, 2 threads per core) family 6 model 37 stepping 2 microcode 0x11, cx8, cmov, fxsr, ht, mmx, sse, sse2, sse3, ssse3, sse4.1, sse4.2, popcnt, tsc, tscinvbit, clflush, rdtscp
Processor Information for all 4 processors :
  Max Mhz: 2925, Current Mhz: 2925, Mhz Limit: 2925

Memory: 4k page, system-wide physical 6007M (440M free)
TotalPageFile size 24439M (AvailPageFile size 2M)
current process WorkingSet (physical memory assigned to process): 90M, peak: 90M
current process commit charge ("private bytes"): 193M, peak: 193M

vm_info: Java HotSpot(TM) 64-Bit Server VM (21.0.1+12-LTS-29) for windows-amd64 JRE (21.0.1+12-LTS-29), built on 2023-10-05T13:27:09Z by "mach5one" with MS VC++ 17.1 (VS2022)

END.
