#
# There is insufficient memory for the Java Runtime Environment to continue.
# Native memory allocation (malloc) failed to allocate 417616 bytes for Chunk::new
# Possible reasons:
#   The system is out of physical RAM or swap space
#   The process is running with CompressedOops enabled, and the Java Heap may be blocking the growth of the native heap
# Possible solutions:
#   Reduce memory load on the system
#   Increase physical memory or swap space
#   Check if swap backing store is full
#   Decrease Java heap size (-Xmx/-Xms)
#   Decrease number of Java threads
#   Decrease Java thread stack sizes (-Xss)
#   Set larger code cache with -XX:ReservedCodeCacheSize=
#   JVM is running with Unscaled Compressed Oops mode in which the Java heap is
#     placed in the first 4GB address space. The Java Heap base address is the
#     maximum limit for the native heap growth. Please use -XX:HeapBaseMinAddress
#     to set the Java Heap base and to place the Java Heap above 4GB virtual address.
# This output file may be truncated or incomplete.
#
#  Out of Memory Error (arena.cpp:168), pid=27448, tid=25944
#
# JRE version: Java(TM) SE Runtime Environment (21.0.1+12) (build 21.0.1+12-LTS-29)
# Java VM: Java HotSpot(TM) 64-Bit Server VM (21.0.1+12-LTS-29, mixed mode, sharing, tiered, compressed oops, compressed class ptrs, g1 gc, windows-amd64)
# No core dump will be written. Minidumps are not enabled by default on client versions of Windows
#

---------------  S U M M A R Y ------------

Command Line: -Dfile.encoding=UTF-8 --module-path=C:\Users\Kamlesh\Documents\NetBeansProjects\Employee Management System\build\classes employee.management.system.Splash

Host: Intel(R) Core(TM) i3 CPU         530  @ 2.93GHz, 4 cores, 5G,  Windows 10 , 64 bit Build 19041 (10.0.19041.2788)
Time: Sat Oct 28 18:17:47 2023 India Standard Time elapsed time: 12.479687 seconds (0d 0h 0m 12s)

---------------  T H R E A D  ---------------

Current thread (0x00000291ba165000):  JavaThread "C2 CompilerThread0" daemon [_thread_in_native, id=25944, stack(0x000000d0f5700000,0x000000d0f5800000) (1024K)]


Current CompileTask:
C2:  12479 1959       4       sun.security.ec.ECOperations::setDouble (463 bytes)

Stack: [0x000000d0f5700000,0x000000d0f5800000]
Native frames: (J=compiled Java code, j=interpreted, Vv=VM code, C=native code)
V  [jvm.dll+0x6c9029]
V  [jvm.dll+0x854b81]
V  [jvm.dll+0x856e5e]
V  [jvm.dll+0x857543]
V  [jvm.dll+0x280c06]
V  [jvm.dll+0xc3ead]
V  [jvm.dll+0xc43c3]
V  [jvm.dll+0x2f3f3f]
V  [jvm.dll+0x5f40a6]
V  [jvm.dll+0x252bef]
V  [jvm.dll+0x24b323]
V  [jvm.dll+0x248fa3]
V  [jvm.dll+0x1c9ca1]
V  [jvm.dll+0x2586b9]
V  [jvm.dll+0x256c9a]
V  [jvm.dll+0x3ef1b6]
V  [jvm.dll+0x7fd728]
V  [jvm.dll+0x6c777d]
C  [ucrtbase.dll+0x21bb2]
C  [KERNEL32.DLL+0x17604]
C  [ntdll.dll+0x526a1]


---------------  P R O C E S S  ---------------

Threads class SMR info:
_java_thread_list=0x0000029180b96a00, length=18, elements={
0x00000291ba14f7b0, 0x00000291ba153730, 0x00000291ba156be0, 0x00000291ba157640,
0x00000291ba15ac20, 0x00000291ba15c1f0, 0x00000291ba165000, 0x00000291ba16be90,
0x00000291ba3298d0, 0x00000291ba3af530, 0x00000291ba599ab0, 0x00000291ba5a4c10,
0x00000291ba5a7f60, 0x00000291805f7ec0, 0x000002919eaf7240, 0x0000029180b05e50,
0x00000291804b0aa0, 0x0000029180c8c080
}

Java Threads: ( => current thread )
  0x00000291ba14f7b0 JavaThread "Reference Handler"          daemon [_thread_blocked, id=7392, stack(0x000000d0f5100000,0x000000d0f5200000) (1024K)]
  0x00000291ba153730 JavaThread "Finalizer"                  daemon [_thread_blocked, id=26720, stack(0x000000d0f5200000,0x000000d0f5300000) (1024K)]
  0x00000291ba156be0 JavaThread "Signal Dispatcher"          daemon [_thread_blocked, id=26956, stack(0x000000d0f5300000,0x000000d0f5400000) (1024K)]
  0x00000291ba157640 JavaThread "Attach Listener"            daemon [_thread_blocked, id=21680, stack(0x000000d0f5400000,0x000000d0f5500000) (1024K)]
  0x00000291ba15ac20 JavaThread "Service Thread"             daemon [_thread_blocked, id=9320, stack(0x000000d0f5500000,0x000000d0f5600000) (1024K)]
  0x00000291ba15c1f0 JavaThread "Monitor Deflation Thread"   daemon [_thread_blocked, id=21320, stack(0x000000d0f5600000,0x000000d0f5700000) (1024K)]
=>0x00000291ba165000 JavaThread "C2 CompilerThread0"         daemon [_thread_in_native, id=25944, stack(0x000000d0f5700000,0x000000d0f5800000) (1024K)]
  0x00000291ba16be90 JavaThread "C1 CompilerThread0"         daemon [_thread_in_native, id=25528, stack(0x000000d0f5800000,0x000000d0f5900000) (1024K)]
  0x00000291ba3298d0 JavaThread "Common-Cleaner"             daemon [_thread_blocked, id=5316, stack(0x000000d0f5900000,0x000000d0f5a00000) (1024K)]
  0x00000291ba3af530 JavaThread "Notification Thread"        daemon [_thread_blocked, id=20504, stack(0x000000d0f5a00000,0x000000d0f5b00000) (1024K)]
  0x00000291ba599ab0 JavaThread "Java2D Disposer"            daemon [_thread_blocked, id=27564, stack(0x000000d0f5b00000,0x000000d0f5c00000) (1024K)]
  0x00000291ba5a4c10 JavaThread "AWT-Shutdown"                      [_thread_blocked, id=17244, stack(0x000000d0f5c00000,0x000000d0f5d00000) (1024K)]
  0x00000291ba5a7f60 JavaThread "AWT-Windows"                daemon [_thread_in_native, id=680, stack(0x000000d0f5d00000,0x000000d0f5e00000) (1024K)]
  0x00000291805f7ec0 JavaThread "AWT-EventQueue-0"                  [_thread_in_vm, id=24528, stack(0x000000d0f6000000,0x000000d0f6100000) (1024K)]
  0x000002919eaf7240 JavaThread "DestroyJavaVM"                     [_thread_blocked, id=25400, stack(0x000000d0f4900000,0x000000d0f4a00000) (1024K)]
  0x0000029180b05e50 JavaThread "TimerQueue"                 daemon [_thread_blocked, id=25392, stack(0x000000d0f6700000,0x000000d0f6800000) (1024K)]
  0x00000291804b0aa0 JavaThread "mysql-cj-abandoned-connection-cleanup" daemon [_thread_blocked, id=21220, stack(0x000000d0f5e00000,0x000000d0f5f00000) (1024K)]
  0x0000029180c8c080 JavaThread "C2 CompilerThread1"         daemon [_thread_blocked, id=27192, stack(0x000000d0f5f00000,0x000000d0f6000000) (1024K)]
Total: 18

Other Threads:
  0x00000291ba1372c0 VMThread "VM Thread"                           [id=23844, stack(0x000000d0f5000000,0x000000d0f5100000) (1024K)]
  0x00000291ba1212c0 WatcherThread "VM Periodic Task Thread"        [id=27296, stack(0x000000d0f4f00000,0x000000d0f5000000) (1024K)]
  0x000002919eb38f00 WorkerThread "GC Thread#0"                     [id=20676, stack(0x000000d0f4a00000,0x000000d0f4b00000) (1024K)]
  0x00000291801cd820 WorkerThread "GC Thread#1"                     [id=20200, stack(0x000000d0f6100000,0x000000d0f6200000) (1024K)]
  0x00000291801cdbc0 WorkerThread "GC Thread#2"                     [id=16756, stack(0x000000d0f6200000,0x000000d0f6300000) (1024K)]
  0x00000291806f5550 WorkerThread "GC Thread#3"                     [id=24716, stack(0x000000d0f6300000,0x000000d0f6400000) (1024K)]
  0x000002919eb64d80 ConcurrentGCThread "G1 Main Marker"            [id=24488, stack(0x000000d0f4b00000,0x000000d0f4c00000) (1024K)]
  0x000002919eb65880 WorkerThread "G1 Conc#0"                       [id=27408, stack(0x000000d0f4c00000,0x000000d0f4d00000) (1024K)]
  0x000002919eb9bef0 ConcurrentGCThread "G1 Refine#0"               [id=25100, stack(0x000000d0f4d00000,0x000000d0f4e00000) (1024K)]
  0x000002919eb9daf0 ConcurrentGCThread "G1 Service"                [id=25220, stack(0x000000d0f4e00000,0x000000d0f4f00000) (1024K)]
Total: 10

Threads with active compile tasks:
C2 CompilerThread0    12553 1959       4       sun.security.ec.ECOperations::setDouble (463 bytes)
Total: 1

VM state: not at safepoint (normal execution)

VM Mutex/Monitor currently owned by a thread: None

Heap address: 0x00000000a2200000, size: 1502 MB, Compressed Oops mode: 32-bit

CDS archive(s) mapped at: [0x00000291bb000000-0x00000291bbc90000-0x00000291bbc90000), size 13172736, SharedBaseAddress: 0x00000291bb000000, ArchiveRelocationMode: 1.
Compressed class space mapped at: 0x00000291bc000000-0x00000291fc000000, reserved size: 1073741824
Narrow klass base: 0x00000291bb000000, Narrow klass shift: 0, Narrow klass range: 0x100000000

GC Precious Log:
 CardTable entry size: 512
 Card Set container configuration: InlinePtr #cards 5 size 8 Array Of Cards #cards 12 size 40 Howl #buckets 4 coarsen threshold 1843 Howl Bitmap #cards 512 size 80 coarsen threshold 460 Card regions per heap region 1 cards per card region 2048
 CPUs: 4 total, 4 available
 Memory: 6007M
 Large Page Support: Disabled
 NUMA Support: Disabled
 Compressed Oops: Enabled (32-bit)
 Heap Region Size: 1M
 Heap Min Capacity: 8M
 Heap Initial Capacity: 94M
 Heap Max Capacity: 1502M
 Pre-touch: Disabled
 Parallel Workers: 4
 Concurrent Workers: 1
 Concurrent Refinement Workers: 4
 Periodic GC: Disabled

Heap:
 garbage-first heap   total 96256K, used 27156K [0x00000000a2200000, 0x0000000100000000)
  region size 1024K, 17 young (17408K), 2 survivors (2048K)
 Metaspace       used 17309K, committed 17536K, reserved 1114112K
  class space    used 1905K, committed 1984K, reserved 1048576K

Heap Regions: E=young(eden), S=young(survivor), O=old, HS=humongous(starts), HC=humongous(continues), CS=collection set, F=free, TAMS=top-at-mark-start, PB=parsable bottom
|   0|0x00000000a2200000, 0x00000000a2200000, 0x00000000a2300000|  0%| F|  |TAMS 0x00000000a2200000| PB 0x00000000a2200000| Untracked 
|   1|0x00000000a2300000, 0x00000000a2400000, 0x00000000a2400000|100%|HS|  |TAMS 0x00000000a2300000| PB 0x00000000a2300000| Complete 
|   2|0x00000000a2400000, 0x00000000a2500000, 0x00000000a2500000|100%|HC|  |TAMS 0x00000000a2400000| PB 0x00000000a2400000| Complete 
|   3|0x00000000a2500000, 0x00000000a2600000, 0x00000000a2600000|100%|HC|  |TAMS 0x00000000a2500000| PB 0x00000000a2500000| Complete 
|   4|0x00000000a2600000, 0x00000000a2600000, 0x00000000a2700000|  0%| F|  |TAMS 0x00000000a2600000| PB 0x00000000a2600000| Untracked 
|   5|0x00000000a2700000, 0x00000000a2800000, 0x00000000a2800000|100%|HS|  |TAMS 0x00000000a2700000| PB 0x00000000a2700000| Complete 
|   6|0x00000000a2800000, 0x00000000a2900000, 0x00000000a2900000|100%|HC|  |TAMS 0x00000000a2800000| PB 0x00000000a2800000| Complete 
|   7|0x00000000a2900000, 0x00000000a2a00000, 0x00000000a2a00000|100%|HC|  |TAMS 0x00000000a2900000| PB 0x00000000a2900000| Complete 
|   8|0x00000000a2a00000, 0x00000000a2a85020, 0x00000000a2b00000| 51%| O|  |TAMS 0x00000000a2a00000| PB 0x00000000a2a00000| Untracked 
|   9|0x00000000a2b00000, 0x00000000a2c00000, 0x00000000a2c00000|100%|HS|  |TAMS 0x00000000a2b00000| PB 0x00000000a2b00000| Complete 
|  10|0x00000000a2c00000, 0x00000000a2d00000, 0x00000000a2d00000|100%|HC|  |TAMS 0x00000000a2c00000| PB 0x00000000a2c00000| Complete 
|  11|0x00000000a2d00000, 0x00000000a2e00000, 0x00000000a2e00000|100%|HC|  |TAMS 0x00000000a2d00000| PB 0x00000000a2d00000| Complete 
|  12|0x00000000a2e00000, 0x00000000a2f00000, 0x00000000a2f00000|100%|HS|  |TAMS 0x00000000a2e00000| PB 0x00000000a2e00000| Complete 
|  13|0x00000000a2f00000, 0x00000000a3000000, 0x00000000a3000000|100%|HC|  |TAMS 0x00000000a2f00000| PB 0x00000000a2f00000| Complete 
|  14|0x00000000a3000000, 0x00000000a3000000, 0x00000000a3100000|  0%| F|  |TAMS 0x00000000a3000000| PB 0x00000000a3000000| Untracked 
|  15|0x00000000a3100000, 0x00000000a3100000, 0x00000000a3200000|  0%| F|  |TAMS 0x00000000a3100000| PB 0x00000000a3100000| Untracked 
|  16|0x00000000a3200000, 0x00000000a3200000, 0x00000000a3300000|  0%| F|  |TAMS 0x00000000a3200000| PB 0x00000000a3200000| Untracked 
|  17|0x00000000a3300000, 0x00000000a3300000, 0x00000000a3400000|  0%| F|  |TAMS 0x00000000a3300000| PB 0x00000000a3300000| Untracked 
|  18|0x00000000a3400000, 0x00000000a3400000, 0x00000000a3500000|  0%| F|  |TAMS 0x00000000a3400000| PB 0x00000000a3400000| Untracked 
|  19|0x00000000a3500000, 0x00000000a3500000, 0x00000000a3600000|  0%| F|  |TAMS 0x00000000a3500000| PB 0x00000000a3500000| Untracked 
|  20|0x00000000a3600000, 0x00000000a3600000, 0x00000000a3700000|  0%| F|  |TAMS 0x00000000a3600000| PB 0x00000000a3600000| Untracked 
|  21|0x00000000a3700000, 0x00000000a3700000, 0x00000000a3800000|  0%| F|  |TAMS 0x00000000a3700000| PB 0x00000000a3700000| Untracked 
|  22|0x00000000a3800000, 0x00000000a3800000, 0x00000000a3900000|  0%| F|  |TAMS 0x00000000a3800000| PB 0x00000000a3800000| Untracked 
|  23|0x00000000a3900000, 0x00000000a3900000, 0x00000000a3a00000|  0%| F|  |TAMS 0x00000000a3900000| PB 0x00000000a3900000| Untracked 
|  24|0x00000000a3a00000, 0x00000000a3a00000, 0x00000000a3b00000|  0%| F|  |TAMS 0x00000000a3a00000| PB 0x00000000a3a00000| Untracked 
|  25|0x00000000a3b00000, 0x00000000a3b00000, 0x00000000a3c00000|  0%| F|  |TAMS 0x00000000a3b00000| PB 0x00000000a3b00000| Untracked 
|  26|0x00000000a3c00000, 0x00000000a3c00000, 0x00000000a3d00000|  0%| F|  |TAMS 0x00000000a3c00000| PB 0x00000000a3c00000| Untracked 
|  27|0x00000000a3d00000, 0x00000000a3d00000, 0x00000000a3e00000|  0%| F|  |TAMS 0x00000000a3d00000| PB 0x00000000a3d00000| Untracked 
|  28|0x00000000a3e00000, 0x00000000a3e00000, 0x00000000a3f00000|  0%| F|  |TAMS 0x00000000a3e00000| PB 0x00000000a3e00000| Untracked 
|  29|0x00000000a3f00000, 0x00000000a3f00000, 0x00000000a4000000|  0%| F|  |TAMS 0x00000000a3f00000| PB 0x00000000a3f00000| Untracked 
|  30|0x00000000a4000000, 0x00000000a4000000, 0x00000000a4100000|  0%| F|  |TAMS 0x00000000a4000000| PB 0x00000000a4000000| Untracked 
|  31|0x00000000a4100000, 0x00000000a4100000, 0x00000000a4200000|  0%| F|  |TAMS 0x00000000a4100000| PB 0x00000000a4100000| Untracked 
|  32|0x00000000a4200000, 0x00000000a4200000, 0x00000000a4300000|  0%| F|  |TAMS 0x00000000a4200000| PB 0x00000000a4200000| Untracked 
|  33|0x00000000a4300000, 0x00000000a4300000, 0x00000000a4400000|  0%| F|  |TAMS 0x00000000a4300000| PB 0x00000000a4300000| Untracked 
|  34|0x00000000a4400000, 0x00000000a4400000, 0x00000000a4500000|  0%| F|  |TAMS 0x00000000a4400000| PB 0x00000000a4400000| Untracked 
|  35|0x00000000a4500000, 0x00000000a4500000, 0x00000000a4600000|  0%| F|  |TAMS 0x00000000a4500000| PB 0x00000000a4500000| Untracked 
|  36|0x00000000a4600000, 0x00000000a4600000, 0x00000000a4700000|  0%| F|  |TAMS 0x00000000a4600000| PB 0x00000000a4600000| Untracked 
|  37|0x00000000a4700000, 0x00000000a4700000, 0x00000000a4800000|  0%| F|  |TAMS 0x00000000a4700000| PB 0x00000000a4700000| Untracked 
|  38|0x00000000a4800000, 0x00000000a4800000, 0x00000000a4900000|  0%| F|  |TAMS 0x00000000a4800000| PB 0x00000000a4800000| Untracked 
|  39|0x00000000a4900000, 0x00000000a4900000, 0x00000000a4a00000|  0%| F|  |TAMS 0x00000000a4900000| PB 0x00000000a4900000| Untracked 
|  40|0x00000000a4a00000, 0x00000000a4a00000, 0x00000000a4b00000|  0%| F|  |TAMS 0x00000000a4a00000| PB 0x00000000a4a00000| Untracked 
|  41|0x00000000a4b00000, 0x00000000a4b00000, 0x00000000a4c00000|  0%| F|  |TAMS 0x00000000a4b00000| PB 0x00000000a4b00000| Untracked 
|  42|0x00000000a4c00000, 0x00000000a4c00000, 0x00000000a4d00000|  0%| F|  |TAMS 0x00000000a4c00000| PB 0x00000000a4c00000| Untracked 
|  43|0x00000000a4d00000, 0x00000000a4d00000, 0x00000000a4e00000|  0%| F|  |TAMS 0x00000000a4d00000| PB 0x00000000a4d00000| Untracked 
|  44|0x00000000a4e00000, 0x00000000a4e00000, 0x00000000a4f00000|  0%| F|  |TAMS 0x00000000a4e00000| PB 0x00000000a4e00000| Untracked 
|  45|0x00000000a4f00000, 0x00000000a4f00000, 0x00000000a5000000|  0%| F|  |TAMS 0x00000000a4f00000| PB 0x00000000a4f00000| Untracked 
|  46|0x00000000a5000000, 0x00000000a5000000, 0x00000000a5100000|  0%| F|  |TAMS 0x00000000a5000000| PB 0x00000000a5000000| Untracked 
|  47|0x00000000a5100000, 0x00000000a5100000, 0x00000000a5200000|  0%| F|  |TAMS 0x00000000a5100000| PB 0x00000000a5100000| Untracked 
|  48|0x00000000a5200000, 0x00000000a5200000, 0x00000000a5300000|  0%| F|  |TAMS 0x00000000a5200000| PB 0x00000000a5200000| Untracked 
|  49|0x00000000a5300000, 0x00000000a5300000, 0x00000000a5400000|  0%| F|  |TAMS 0x00000000a5300000| PB 0x00000000a5300000| Untracked 
|  50|0x00000000a5400000, 0x00000000a5400000, 0x00000000a5500000|  0%| F|  |TAMS 0x00000000a5400000| PB 0x00000000a5400000| Untracked 
|  51|0x00000000a5500000, 0x00000000a5500000, 0x00000000a5600000|  0%| F|  |TAMS 0x00000000a5500000| PB 0x00000000a5500000| Untracked 
|  52|0x00000000a5600000, 0x00000000a5600000, 0x00000000a5700000|  0%| F|  |TAMS 0x00000000a5600000| PB 0x00000000a5600000| Untracked 
|  53|0x00000000a5700000, 0x00000000a5700000, 0x00000000a5800000|  0%| F|  |TAMS 0x00000000a5700000| PB 0x00000000a5700000| Untracked 
|  54|0x00000000a5800000, 0x00000000a5800000, 0x00000000a5900000|  0%| F|  |TAMS 0x00000000a5800000| PB 0x00000000a5800000| Untracked 
|  55|0x00000000a5900000, 0x00000000a5900000, 0x00000000a5a00000|  0%| F|  |TAMS 0x00000000a5900000| PB 0x00000000a5900000| Untracked 
|  56|0x00000000a5a00000, 0x00000000a5a00000, 0x00000000a5b00000|  0%| F|  |TAMS 0x00000000a5a00000| PB 0x00000000a5a00000| Untracked 
|  57|0x00000000a5b00000, 0x00000000a5b00000, 0x00000000a5c00000|  0%| F|  |TAMS 0x00000000a5b00000| PB 0x00000000a5b00000| Untracked 
|  58|0x00000000a5c00000, 0x00000000a5c00000, 0x00000000a5d00000|  0%| F|  |TAMS 0x00000000a5c00000| PB 0x00000000a5c00000| Untracked 
|  59|0x00000000a5d00000, 0x00000000a5d00000, 0x00000000a5e00000|  0%| F|  |TAMS 0x00000000a5d00000| PB 0x00000000a5d00000| Untracked 
|  60|0x00000000a5e00000, 0x00000000a5e00000, 0x00000000a5f00000|  0%| F|  |TAMS 0x00000000a5e00000| PB 0x00000000a5e00000| Untracked 
|  61|0x00000000a5f00000, 0x00000000a5f00000, 0x00000000a6000000|  0%| F|  |TAMS 0x00000000a5f00000| PB 0x00000000a5f00000| Untracked 
|  62|0x00000000a6000000, 0x00000000a6000000, 0x00000000a6100000|  0%| F|  |TAMS 0x00000000a6000000| PB 0x00000000a6000000| Untracked 
|  63|0x00000000a6100000, 0x00000000a6100000, 0x00000000a6200000|  0%| F|  |TAMS 0x00000000a6100000| PB 0x00000000a6100000| Untracked 
|  64|0x00000000a6200000, 0x00000000a6200000, 0x00000000a6300000|  0%| F|  |TAMS 0x00000000a6200000| PB 0x00000000a6200000| Untracked 
|  65|0x00000000a6300000, 0x00000000a6300000, 0x00000000a6400000|  0%| F|  |TAMS 0x00000000a6300000| PB 0x00000000a6300000| Untracked 
|  66|0x00000000a6400000, 0x00000000a6400000, 0x00000000a6500000|  0%| F|  |TAMS 0x00000000a6400000| PB 0x00000000a6400000| Untracked 
|  67|0x00000000a6500000, 0x00000000a6500000, 0x00000000a6600000|  0%| F|  |TAMS 0x00000000a6500000| PB 0x00000000a6500000| Untracked 
|  68|0x00000000a6600000, 0x00000000a6600000, 0x00000000a6700000|  0%| F|  |TAMS 0x00000000a6600000| PB 0x00000000a6600000| Untracked 
|  69|0x00000000a6700000, 0x00000000a6700000, 0x00000000a6800000|  0%| F|  |TAMS 0x00000000a6700000| PB 0x00000000a6700000| Untracked 
|  70|0x00000000a6800000, 0x00000000a6800000, 0x00000000a6900000|  0%| F|  |TAMS 0x00000000a6800000| PB 0x00000000a6800000| Untracked 
|  71|0x00000000a6900000, 0x00000000a6900000, 0x00000000a6a00000|  0%| F|  |TAMS 0x00000000a6900000| PB 0x00000000a6900000| Untracked 
|  72|0x00000000a6a00000, 0x00000000a6a00000, 0x00000000a6b00000|  0%| F|  |TAMS 0x00000000a6a00000| PB 0x00000000a6a00000| Untracked 
|  73|0x00000000a6b00000, 0x00000000a6b00000, 0x00000000a6c00000|  0%| F|  |TAMS 0x00000000a6b00000| PB 0x00000000a6b00000| Untracked 
|  74|0x00000000a6c00000, 0x00000000a6c00000, 0x00000000a6d00000|  0%| F|  |TAMS 0x00000000a6c00000| PB 0x00000000a6c00000| Untracked 
|  75|0x00000000a6d00000, 0x00000000a6d00000, 0x00000000a6e00000|  0%| F|  |TAMS 0x00000000a6d00000| PB 0x00000000a6d00000| Untracked 
|  76|0x00000000a6e00000, 0x00000000a6e00000, 0x00000000a6f00000|  0%| F|  |TAMS 0x00000000a6e00000| PB 0x00000000a6e00000| Untracked 
|  77|0x00000000a6f00000, 0x00000000a7000000, 0x00000000a7000000|100%| E|  |TAMS 0x00000000a6f00000| PB 0x00000000a6f00000| Complete 
|  78|0x00000000a7000000, 0x00000000a7100000, 0x00000000a7100000|100%| E|CS|TAMS 0x00000000a7000000| PB 0x00000000a7000000| Complete 
|  79|0x00000000a7100000, 0x00000000a7200000, 0x00000000a7200000|100%| S|CS|TAMS 0x00000000a7100000| PB 0x00000000a7100000| Complete 
|  80|0x00000000a7200000, 0x00000000a7300000, 0x00000000a7300000|100%| S|CS|TAMS 0x00000000a7200000| PB 0x00000000a7200000| Complete 
|  81|0x00000000a7300000, 0x00000000a7400000, 0x00000000a7400000|100%| E|CS|TAMS 0x00000000a7300000| PB 0x00000000a7300000| Complete 
|  82|0x00000000a7400000, 0x00000000a7500000, 0x00000000a7500000|100%| E|CS|TAMS 0x00000000a7400000| PB 0x00000000a7400000| Complete 
|  83|0x00000000a7500000, 0x00000000a7600000, 0x00000000a7600000|100%| E|CS|TAMS 0x00000000a7500000| PB 0x00000000a7500000| Complete 
|  84|0x00000000a7600000, 0x00000000a7700000, 0x00000000a7700000|100%| E|CS|TAMS 0x00000000a7600000| PB 0x00000000a7600000| Complete 
|  85|0x00000000a7700000, 0x00000000a7800000, 0x00000000a7800000|100%| E|CS|TAMS 0x00000000a7700000| PB 0x00000000a7700000| Complete 
|  86|0x00000000a7800000, 0x00000000a7900000, 0x00000000a7900000|100%| E|CS|TAMS 0x00000000a7800000| PB 0x00000000a7800000| Complete 
|  87|0x00000000a7900000, 0x00000000a7a00000, 0x00000000a7a00000|100%| E|CS|TAMS 0x00000000a7900000| PB 0x00000000a7900000| Complete 
|  88|0x00000000a7a00000, 0x00000000a7b00000, 0x00000000a7b00000|100%| E|  |TAMS 0x00000000a7a00000| PB 0x00000000a7a00000| Complete 
|  89|0x00000000a7b00000, 0x00000000a7c00000, 0x00000000a7c00000|100%| E|CS|TAMS 0x00000000a7b00000| PB 0x00000000a7b00000| Complete 
|  90|0x00000000a7c00000, 0x00000000a7d00000, 0x00000000a7d00000|100%| E|CS|TAMS 0x00000000a7c00000| PB 0x00000000a7c00000| Complete 
|  91|0x00000000a7d00000, 0x00000000a7e00000, 0x00000000a7e00000|100%| E|CS|TAMS 0x00000000a7d00000| PB 0x00000000a7d00000| Complete 
|  92|0x00000000a7e00000, 0x00000000a7f00000, 0x00000000a7f00000|100%| E|CS|TAMS 0x00000000a7e00000| PB 0x00000000a7e00000| Complete 
|  93|0x00000000a7f00000, 0x00000000a8000000, 0x00000000a8000000|100%| E|CS|TAMS 0x00000000a7f00000| PB 0x00000000a7f00000| Complete 

Card table byte_map: [0x00000291b6220000,0x00000291b6510000] _byte_map_base: 0x00000291b5d0f000

Marking Bits: (CMBitMap*) 0x000002919eb39600
 Bits: [0x00000291b6510000, 0x00000291b7c88000)

Polling page: 0x000002919c970000

Metaspace:

Usage:
  Non-class:     15.10 MB used.
      Class:      1.87 MB used.
       Both:     16.97 MB used.

Virtual space:
  Non-class space:       64.00 MB reserved,      15.25 MB ( 24%) committed,  1 nodes.
      Class space:        1.00 GB reserved,       2.00 MB ( <1%) committed,  1 nodes.
             Both:        1.06 GB reserved,      17.25 MB (  2%) committed. 

Chunk freelists:
   Non-Class:  688.00 KB
       Class:  14.05 MB
        Both:  14.72 MB

MaxMetaspaceSize: unlimited
CompressedClassSpaceSize: 1.00 GB
Initial GC threshold: 21.00 MB
Current GC threshold: 21.00 MB
CDS: on
 - commit_granule_bytes: 65536.
 - commit_granule_words: 8192.
 - virtual_space_node_default_size: 8388608.
 - enlarge_chunks_in_place: 1.
 - use_allocation_guard: 0.


Internal statistics:

num_allocs_failed_limit: 0.
num_arena_births: 188.
num_arena_deaths: 0.
num_vsnodes_births: 2.
num_vsnodes_deaths: 0.
num_space_committed: 276.
num_space_uncommitted: 0.
num_chunks_returned_to_freelist: 0.
num_chunks_taken_from_freelist: 375.
num_chunk_merges: 0.
num_chunk_splits: 226.
num_chunks_enlarged: 125.
num_inconsistent_stats: 0.

CodeHeap 'non-profiled nmethods': size=120000Kb used=761Kb max_used=761Kb free=119239Kb
 bounds [0x00000291aea00000, 0x00000291aec70000, 0x00000291b5f30000]
CodeHeap 'profiled nmethods': size=120000Kb used=3865Kb max_used=3865Kb free=116134Kb
 bounds [0x00000291a6f30000, 0x00000291a7300000, 0x00000291ae460000]
CodeHeap 'non-nmethods': size=5760Kb used=1701Kb max_used=1722Kb free=4058Kb
 bounds [0x00000291ae460000, 0x00000291ae6d0000, 0x00000291aea00000]
 total_blobs=2784 nmethods=2055 adapters=634
 compilation: enabled
              stopped_count=0, restarted_count=0
 full_count=0

Compilation events (20 events):
Event: 12.461 Thread 0x00000291ba16be90 1992       3       java.lang.invoke.VarHandleGuards::guard_LII_V (135 bytes)
Event: 12.461 Thread 0x0000029180c8c080 1986       4       sun.security.provider.SHA5::lf_ch (13 bytes)
Event: 12.461 Thread 0x0000029180c8c080 nmethod 1986 0x00000291aeab9e10 code [0x00000291aeab9f80, 0x00000291aeab9ff8]
Event: 12.461 Thread 0x0000029180c8c080 1987       4       sun.security.provider.SHA5::lf_maj (14 bytes)
Event: 12.462 Thread 0x0000029180c8c080 nmethod 1987 0x00000291aeaba410 code [0x00000291aeaba580, 0x00000291aeaba5f8]
Event: 12.464 Thread 0x00000291ba16be90 nmethod 1992 0x00000291a72d7c90 code [0x00000291a72d80a0, 0x00000291a72da5f8]
Event: 12.464 Thread 0x00000291ba16be90 1994       3       java.util.LinkedHashMap::newNode (23 bytes)
Event: 12.465 Thread 0x00000291ba16be90 nmethod 1994 0x00000291a72db090 code [0x00000291a72db240, 0x00000291a72db440]
Event: 12.465 Thread 0x00000291ba16be90 1995       3       java.util.LinkedHashMap$Entry::<init> (10 bytes)
Event: 12.465 Thread 0x00000291ba16be90 nmethod 1995 0x00000291a72db590 code [0x00000291a72db740, 0x00000291a72dba20]
Event: 12.465 Thread 0x00000291ba16be90 1996       3       java.util.LinkedHashMap::linkNodeAtEnd (76 bytes)
Event: 12.465 Thread 0x00000291ba16be90 nmethod 1996 0x00000291a72dbb10 code [0x00000291a72dbd00, 0x00000291a72dc258]
Event: 12.465 Thread 0x00000291ba16be90 1997       3       java.util.LinkedHashMap::afterNodeInsertion (40 bytes)
Event: 12.466 Thread 0x00000291ba16be90 nmethod 1997 0x00000291a72dc410 code [0x00000291a72dc600, 0x00000291a72dca90]
Event: 12.468 Thread 0x00000291ba16be90 1998       3       sun.security.ssl.SSLAlgorithmConstraints::permits (96 bytes)
Event: 12.468 Thread 0x00000291ba16be90 nmethod 1998 0x00000291a72dcc10 code [0x00000291a72dce00, 0x00000291a72dd308]
Event: 12.468 Thread 0x00000291ba16be90 1999       3       java.util.Collections$UnmodifiableCollection::isEmpty (10 bytes)
Event: 12.468 Thread 0x00000291ba16be90 nmethod 1999 0x00000291a72dd490 code [0x00000291a72dd640, 0x00000291a72dd818]
Event: 12.470 Thread 0x00000291ba16be90 2000       3       com.sun.crypto.provider.GHASH::blockMult (245 bytes)
Event: 12.471 Thread 0x00000291ba16be90 nmethod 2000 0x00000291a72dd910 code [0x00000291a72ddae0, 0x00000291a72ddf28]

GC Heap History (2 events):
Event: 1.130 GC heap before
{Heap before GC invocations=0 (full 0):
 garbage-first heap   total 96256K, used 21504K [0x00000000a2200000, 0x0000000100000000)
  region size 1024K, 13 young (13312K), 0 survivors (0K)
 Metaspace       used 5675K, committed 5888K, reserved 1114112K
  class space    used 591K, committed 704K, reserved 1048576K
}
Event: 1.140 GC heap after
{Heap after GC invocations=1 (full 0):
 garbage-first heap   total 96256K, used 8724K [0x00000000a2200000, 0x0000000100000000)
  region size 1024K, 2 young (2048K), 2 survivors (2048K)
 Metaspace       used 5675K, committed 5888K, reserved 1114112K
  class space    used 591K, committed 704K, reserved 1048576K
}

Dll operation events (11 events):
Event: 0.020 Loaded shared library C:\Program Files\Java\jdk-21\bin\java.dll
Event: 0.078 Loaded shared library C:\Program Files\Java\jdk-21\bin\jsvml.dll
Event: 0.146 Loaded shared library C:\Program Files\Java\jdk-21\bin\net.dll
Event: 0.149 Loaded shared library C:\Program Files\Java\jdk-21\bin\nio.dll
Event: 0.196 Loaded shared library C:\Program Files\Java\jdk-21\bin\zip.dll
Event: 0.216 Loaded shared library C:\Program Files\Java\jdk-21\bin\jimage.dll
Event: 0.245 Loaded shared library C:\Program Files\Java\jdk-21\bin\awt.dll
Event: 1.169 Loaded shared library C:\Program Files\Java\jdk-21\bin\freetype.dll
Event: 1.172 Loaded shared library C:\Program Files\Java\jdk-21\bin\fontmanager.dll
Event: 11.808 Loaded shared library C:\Program Files\Java\jdk-21\bin\extnet.dll
Event: 11.990 Loaded shared library C:\Program Files\Java\jdk-21\bin\sunmscapi.dll

Deoptimization events (20 events):
Event: 12.014 Thread 0x00000291805f7ec0 Uncommon trap: trap_request=0xffffffc6 fr.pc=0x00000291aea65d24 relative=0x0000000000000324
Event: 12.014 Thread 0x00000291805f7ec0 Uncommon trap: reason=bimorphic_or_optimized_type_check action=maybe_recompile pc=0x00000291aea65d24 method=java.util.HashMap.getNode(Ljava/lang/Object;)Ljava/util/HashMap$Node; @ 128 c2
Event: 12.014 Thread 0x00000291805f7ec0 DEOPT PACKING pc=0x00000291aea65d24 sp=0x000000d0f60fc430
Event: 12.014 Thread 0x00000291805f7ec0 DEOPT UNPACKING pc=0x00000291ae4b469c sp=0x000000d0f60fc348 mode 2
Event: 12.015 Thread 0x00000291805f7ec0 Uncommon trap: trap_request=0xffffffc6 fr.pc=0x00000291aea65d24 relative=0x0000000000000324
Event: 12.015 Thread 0x00000291805f7ec0 Uncommon trap: reason=bimorphic_or_optimized_type_check action=maybe_recompile pc=0x00000291aea65d24 method=java.util.HashMap.getNode(Ljava/lang/Object;)Ljava/util/HashMap$Node; @ 128 c2
Event: 12.015 Thread 0x00000291805f7ec0 DEOPT PACKING pc=0x00000291aea65d24 sp=0x000000d0f60fc430
Event: 12.015 Thread 0x00000291805f7ec0 DEOPT UNPACKING pc=0x00000291ae4b469c sp=0x000000d0f60fc348 mode 2
Event: 12.015 Thread 0x00000291805f7ec0 Uncommon trap: trap_request=0xffffffc6 fr.pc=0x00000291aea65d24 relative=0x0000000000000324
Event: 12.015 Thread 0x00000291805f7ec0 Uncommon trap: reason=bimorphic_or_optimized_type_check action=maybe_recompile pc=0x00000291aea65d24 method=java.util.HashMap.getNode(Ljava/lang/Object;)Ljava/util/HashMap$Node; @ 128 c2
Event: 12.015 Thread 0x00000291805f7ec0 DEOPT PACKING pc=0x00000291aea65d24 sp=0x000000d0f60fc430
Event: 12.015 Thread 0x00000291805f7ec0 DEOPT UNPACKING pc=0x00000291ae4b469c sp=0x000000d0f60fc348 mode 2
Event: 12.214 Thread 0x00000291805f7ec0 Uncommon trap: trap_request=0xffffff45 fr.pc=0x00000291aea5bc28 relative=0x0000000000000268
Event: 12.214 Thread 0x00000291805f7ec0 Uncommon trap: reason=unstable_if action=reinterpret pc=0x00000291aea5bc28 method=java.util.HashMap.putVal(ILjava/lang/Object;Ljava/lang/Object;ZZ)Ljava/lang/Object; @ 162 c2
Event: 12.214 Thread 0x00000291805f7ec0 DEOPT PACKING pc=0x00000291aea5bc28 sp=0x000000d0f60fb470
Event: 12.214 Thread 0x00000291805f7ec0 DEOPT UNPACKING pc=0x00000291ae4b469c sp=0x000000d0f60fb3a8 mode 2
Event: 12.227 Thread 0x00000291805f7ec0 Uncommon trap: trap_request=0xffffff45 fr.pc=0x00000291aea27cb0 relative=0x0000000000000190
Event: 12.227 Thread 0x00000291805f7ec0 Uncommon trap: reason=unstable_if action=reinterpret pc=0x00000291aea27cb0 method=jdk.internal.util.ArraysSupport.vectorizedHashCode(Ljava/lang/Object;IIII)I @ 2 c2
Event: 12.227 Thread 0x00000291805f7ec0 DEOPT PACKING pc=0x00000291aea27cb0 sp=0x000000d0f60fb3b0
Event: 12.227 Thread 0x00000291805f7ec0 DEOPT UNPACKING pc=0x00000291ae4b469c sp=0x000000d0f60fb360 mode 2

Classes loaded (20 events):
Event: 12.473 Loading class sun/security/provider/X509Factory
Event: 12.474 Loading class sun/security/provider/X509Factory done
Event: 12.474 Loading class sun/security/util/Cache$EqualByteArray
Event: 12.474 Loading class sun/security/util/Cache$EqualByteArray done
Event: 12.474 Loading class sun/security/x509/X509CertImpl
Event: 12.474 Loading class sun/security/x509/X509CertImpl done
Event: 12.475 Loading class sun/security/x509/X509CertInfo
Event: 12.475 Loading class sun/security/x509/X509CertInfo done
Event: 12.475 Loading class sun/security/x509/CertificateVersion
Event: 12.475 Loading class sun/security/x509/CertificateVersion done
Event: 12.475 Loading class sun/security/x509/CertificateSerialNumber
Event: 12.475 Loading class sun/security/x509/CertificateSerialNumber done
Event: 12.475 Loading class sun/security/x509/SerialNumber
Event: 12.476 Loading class sun/security/x509/SerialNumber done
Event: 12.476 Loading class sun/security/x509/CertificateAlgorithmId
Event: 12.476 Loading class sun/security/x509/CertificateAlgorithmId done
Event: 12.476 Loading class sun/security/x509/X500Name
Event: 12.476 Loading class sun/security/x509/GeneralNameInterface
Event: 12.476 Loading class sun/security/x509/GeneralNameInterface done
Event: 12.476 Loading class sun/security/x509/X500Name done

Classes unloaded (0 events):
No events

Classes redefined (0 events):
No events

Internal exceptions (20 events):
Event: 0.264 Thread 0x000002919eaf7240 Exception <a 'java/io/FileNotFoundException'{0x00000000a7dd5e20}> (0x00000000a7dd5e20) 
thrown [s\open\src\hotspot\share\prims\jni.cpp, line 520]
Event: 0.276 Thread 0x000002919eaf7240 Exception <a 'java/io/FileNotFoundException'{0x00000000a7c00080}> (0x00000000a7c00080) 
thrown [s\open\src\hotspot\share\prims\jni.cpp, line 520]
Event: 0.407 Thread 0x000002919eaf7240 Exception <a 'java/lang/NoSuchMethodError'{0x00000000a7b0d7a8}: 'void java.lang.invoke.DirectMethodHandle$Holder.invokeSpecial(java.lang.Object, java.lang.Object, java.lang.Object)'> (0x00000000a7b0d7a8) 
thrown [s\open\src\hotspot\share\interpreter\linkResolver.cpp, line 773]
Event: 0.421 Thread 0x000002919eaf7240 Exception <a 'java/lang/NoSuchMethodError'{0x00000000a7b33298}: 'java.lang.Object java.lang.invoke.DirectMethodHandle$Holder.newInvokeSpecial(java.lang.Object, java.lang.Object, java.lang.Object, java.lang.Object, java.lang.Object)'> (0x00000000a7b33298) 
thrown [s\open\src\hotspot\share\interpreter\linkResolver.cpp, line 773]
Event: 0.432 Thread 0x000002919eaf7240 Exception <a 'java/lang/NoSuchMethodError'{0x00000000a7b5f098}: 'java.lang.Object java.lang.invoke.DirectMethodHandle$Holder.invokeStatic(java.lang.Object, int, java.lang.Object)'> (0x00000000a7b5f098) 
thrown [s\open\src\hotspot\share\interpreter\linkResolver.cpp, line 773]
Event: 0.468 Thread 0x000002919eaf7240 Exception <a 'java/lang/ClassNotFoundException'{0x00000000a7bfe568}: com/sun/swing/internal/plaf/metal/resources/spi/metalProvider> (0x00000000a7bfe568) 
thrown [s\open\src\hotspot\share\classfile\systemDictionary.cpp, line 312]
Event: 0.469 Thread 0x000002919eaf7240 Exception <a 'java/lang/ClassNotFoundException'{0x00000000a7a02970}: com/sun/swing/internal/plaf/basic/resources/spi/basicProvider> (0x00000000a7a02970) 
thrown [s\open\src\hotspot\share\classfile\systemDictionary.cpp, line 312]
Event: 0.486 Thread 0x000002919eaf7240 Exception <a 'java/lang/NoSuchMethodError'{0x00000000a7a21bf0}: 'int java.lang.invoke.Invokers$Holder.invokeExact_MT(java.lang.Object, java.lang.Object)'> (0x00000000a7a21bf0) 
thrown [s\open\src\hotspot\share\interpreter\linkResolver.cpp, line 773]
Event: 0.642 Thread 0x00000291ba604fe0 Exception <a 'java/lang/NoSuchMethodError'{0x00000000a79e8798}: 'java.lang.Object java.lang.invoke.DirectMethodHandle$Holder.newInvokeSpecial(java.lang.Object, java.lang.Object, java.lang.Object, int, int, int, int, int)'> (0x00000000a79e8798) 
thrown [s\open\src\hotspot\share\interpreter\linkResolver.cpp, line 773]
Event: 1.158 Thread 0x000002919eaf7240 Exception <a 'java/lang/NoSuchMethodError'{0x00000000a7f7f2b0}: 'void java.lang.invoke.DirectMethodHandle$Holder.invokeStaticInit(java.lang.Object)'> (0x00000000a7f7f2b0) 
thrown [s\open\src\hotspot\share\interpreter\linkResolver.cpp, line 773]
Event: 1.293 Thread 0x00000291ba5a7f60 Exception <a 'java/lang/NoSuchMethodError'{0x00000000a7ffb300}: 'void java.lang.invoke.DirectMethodHandle$Holder.invokeVirtual(java.lang.Object, java.lang.Object)'> (0x00000000a7ffb300) 
thrown [s\open\src\hotspot\share\interpreter\linkResolver.cpp, line 773]
Event: 2.474 Thread 0x00000291ba604fe0 Implicit null exception at 0x00000291aea4cd57 to 0x00000291aea4d4f4
Event: 11.572 Thread 0x00000291805f7ec0 Exception <a 'java/lang/NoSuchMethodError'{0x00000000a7b17bd0}: 'void java.lang.invoke.DirectMethodHandle$Holder.invokeStatic(java.lang.Object, java.lang.Object)'> (0x00000000a7b17bd0) 
thrown [s\open\src\hotspot\share\interpreter\linkResolver.cpp, line 773]
Event: 11.620 Thread 0x00000291805f7ec0 Exception <a 'java/lang/NoSuchMethodError'{0x00000000a7be5cf0}: 'java.lang.Object java.lang.invoke.DirectMethodHandle$Holder.invokeInterface(java.lang.Object, java.lang.Object)'> (0x00000000a7be5cf0) 
thrown [s\open\src\hotspot\share\interpreter\linkResolver.cpp, line 773]
Event: 11.658 Thread 0x00000291805f7ec0 Exception <a 'java/lang/NoSuchMethodError'{0x00000000a7a5cf50}: 'void java.lang.invoke.DirectMethodHandle$Holder.invokeStatic(java.lang.Object, java.lang.Object, java.lang.Object)'> (0x00000000a7a5cf50) 
thrown [s\open\src\hotspot\share\interpreter\linkResolver.cpp, line 773]
Event: 11.660 Thread 0x00000291805f7ec0 Exception <a 'java/lang/NoSuchMethodError'{0x00000000a7a65ee8}: 'java.lang.Object java.lang.invoke.DirectMethodHandle$Holder.invokeVirtual(java.lang.Object, java.lang.Object, java.lang.Object)'> (0x00000000a7a65ee8) 
thrown [s\open\src\hotspot\share\interpreter\linkResolver.cpp, line 773]
Event: 11.911 Thread 0x00000291805f7ec0 Exception <a 'java/lang/NoSuchMethodError'{0x00000000a7518010}: 'void java.lang.invoke.DirectMethodHandle$Holder.invokeStaticInit(java.lang.Object, java.lang.Object)'> (0x00000000a7518010) 
thrown [s\open\src\hotspot\share\interpreter\linkResolver.cpp, line 773]
Event: 12.072 Thread 0x00000291805f7ec0 Exception <a 'sun/nio/fs/WindowsException'{0x00000000a7470930}> (0x00000000a7470930) 
thrown [s\open\src\hotspot\share\prims\jni.cpp, line 520]
Event: 12.147 Thread 0x00000291805f7ec0 Exception <a 'java/lang/NoSuchMethodError'{0x00000000a73207f0}: 'java.lang.Object java.lang.invoke.DirectMethodHandle$Holder.invokeStaticInit(java.lang.Object, int, int, int, int)'> (0x00000000a73207f0) 
thrown [s\open\src\hotspot\share\interpreter\linkResolver.cpp, line 773]
Event: 12.182 Thread 0x00000291805f7ec0 Exception <a 'java/lang/NoSuchMethodError'{0x00000000a738e120}: 'java.lang.Object java.lang.invoke.DirectMethodHandle$Holder.invokeStaticInit(java.lang.Object, java.lang.Object, int, int, int, int)'> (0x00000000a738e120) 
thrown [s\open\src\hotspot\share\interpreter\linkResolver.cpp, line 773]

ZGC Phase Switch (0 events):
No events

VM Operations (20 events):
Event: 7.189 Executing VM operation: Cleanup
Event: 7.190 Executing VM operation: Cleanup done
Event: 8.207 Executing VM operation: Cleanup
Event: 8.207 Executing VM operation: Cleanup done
Event: 9.227 Executing VM operation: Cleanup
Event: 9.227 Executing VM operation: Cleanup done
Event: 10.237 Executing VM operation: Cleanup
Event: 10.238 Executing VM operation: Cleanup done
Event: 11.252 Executing VM operation: Cleanup
Event: 11.252 Executing VM operation: Cleanup done
Event: 11.591 Executing VM operation: HandshakeAllThreads (Deoptimize)
Event: 11.592 Executing VM operation: HandshakeAllThreads (Deoptimize) done
Event: 11.921 Executing VM operation: HandshakeAllThreads (Deoptimize)
Event: 11.921 Executing VM operation: HandshakeAllThreads (Deoptimize) done
Event: 12.086 Executing VM operation: HandshakeAllThreads (Deoptimize)
Event: 12.086 Executing VM operation: HandshakeAllThreads (Deoptimize) done
Event: 12.473 Executing VM operation: HandshakeAllThreads (Deoptimize)
Event: 12.473 Executing VM operation: HandshakeAllThreads (Deoptimize) done
Event: 12.473 Executing VM operation: Cleanup
Event: 12.473 Executing VM operation: Cleanup done

Events (20 events):
Event: 0.075 Thread 0x00000291ba15c1f0 Thread added: 0x00000291ba15c1f0
Event: 0.075 Thread 0x00000291ba165000 Thread added: 0x00000291ba165000
Event: 0.075 Thread 0x00000291ba16be90 Thread added: 0x00000291ba16be90
Event: 0.125 Thread 0x00000291ba3298d0 Thread added: 0x00000291ba3298d0
Event: 0.183 Thread 0x00000291ba3af530 Thread added: 0x00000291ba3af530
Event: 0.355 Thread 0x00000291ba599ab0 Thread added: 0x00000291ba599ab0
Event: 0.357 Thread 0x00000291ba5a4c10 Thread added: 0x00000291ba5a4c10
Event: 0.359 Thread 0x00000291ba5a7f60 Thread added: 0x00000291ba5a7f60
Event: 0.498 Thread 0x00000291ba604fe0 Thread added: 0x00000291ba604fe0
Event: 0.628 Thread 0x00000291ba65a740 Thread added: 0x00000291ba65a740
Event: 1.106 Thread 0x00000291805f7ec0 Thread added: 0x00000291805f7ec0
Event: 1.299 Thread 0x000002919eaf7240 Thread exited: 0x000002919eaf7240
Event: 1.299 Thread 0x000002919eaf7240 Thread added: 0x000002919eaf7240
Event: 1.520 Thread 0x00000291ba65a740 Thread exited: 0x00000291ba65a740
Event: 2.471 Thread 0x0000029180aa02b0 Thread added: 0x0000029180aa02b0
Event: 2.610 Thread 0x0000029180b05e50 Thread added: 0x0000029180b05e50
Event: 7.487 Thread 0x0000029180aa02b0 Thread exited: 0x0000029180aa02b0
Event: 7.487 Thread 0x00000291ba604fe0 Thread exited: 0x00000291ba604fe0
Event: 11.573 Thread 0x00000291804b0aa0 Thread added: 0x00000291804b0aa0
Event: 11.877 Thread 0x0000029180c8c080 Thread added: 0x0000029180c8c080


Dynamic libraries:
0x00007ff6cc450000 - 0x00007ff6cc460000 	C:\Program Files\Java\jdk-21\bin\java.exe
0x00007ffe5d690000 - 0x00007ffe5d888000 	C:\WINDOWS\SYSTEM32\ntdll.dll
0x00007ffe5ce60000 - 0x00007ffe5cf1f000 	C:\WINDOWS\System32\KERNEL32.DLL
0x00007ffe5afe0000 - 0x00007ffe5b2ba000 	C:\WINDOWS\System32\KERNELBASE.dll
0x00007ffe58640000 - 0x00007ffe586d0000 	C:\WINDOWS\SYSTEM32\apphelp.dll
0x00007ffe5b2c0000 - 0x00007ffe5b3c0000 	C:\WINDOWS\System32\ucrtbase.dll
0x00007ffe50ba0000 - 0x00007ffe50bb9000 	C:\Program Files\Java\jdk-21\bin\jli.dll
0x00007ffe50ca0000 - 0x00007ffe50cbb000 	C:\Program Files\Java\jdk-21\bin\VCRUNTIME140.dll
0x00007ffe5d130000 - 0x00007ffe5d1de000 	C:\WINDOWS\System32\ADVAPI32.dll
0x00007ffe5c590000 - 0x00007ffe5c62e000 	C:\WINDOWS\System32\msvcrt.dll
0x00007ffe5b6f0000 - 0x00007ffe5b78c000 	C:\WINDOWS\System32\sechost.dll
0x00007ffe5b790000 - 0x00007ffe5b8b6000 	C:\WINDOWS\System32\RPCRT4.dll
0x00007ffe5ca20000 - 0x00007ffe5cbbd000 	C:\WINDOWS\System32\USER32.dll
0x00007ffe5b4a0000 - 0x00007ffe5b4c2000 	C:\WINDOWS\System32\win32u.dll
0x00007ffe5c840000 - 0x00007ffe5c86b000 	C:\WINDOWS\System32\GDI32.dll
0x00007ffe5aed0000 - 0x00007ffe5afe0000 	C:\WINDOWS\System32\gdi32full.dll
0x00007ffe4cbc0000 - 0x00007ffe4ce5a000 	C:\WINDOWS\WinSxS\amd64_microsoft.windows.common-controls_6595b64144ccf1df_6.0.19041.1110_none_60b5254171f9507e\COMCTL32.dll
0x00007ffe5ae30000 - 0x00007ffe5aecd000 	C:\WINDOWS\System32\msvcp_win.dll
0x00007ffe5a8c0000 - 0x00007ffe5a8ca000 	C:\WINDOWS\SYSTEM32\VERSION.dll
0x00007ffe5c560000 - 0x00007ffe5c590000 	C:\WINDOWS\System32\IMM32.DLL
0x0000000066fd0000 - 0x0000000066fdc000 	C:\Program Files (x86)\360\Total Security\safemon\SafeWrapper.dll
0x00007ffe2c9f0000 - 0x00007ffe2ca82000 	C:\Program Files (x86)\360\Total Security\safemon\libzdtp64.dll
0x00007ffe5b8c0000 - 0x00007ffe5c004000 	C:\WINDOWS\System32\SHELL32.dll
0x00007ffe5c7e0000 - 0x00007ffe5c835000 	C:\WINDOWS\System32\SHLWAPI.dll
0x00007ffe585f0000 - 0x00007ffe585fc000 	C:\Program Files\Java\jdk-21\bin\vcruntime140_1.dll
0x00007ffe3c080000 - 0x00007ffe3c10e000 	C:\Program Files\Java\jdk-21\bin\msvcp140.dll
0x00007ffe159a0000 - 0x00007ffe166b5000 	C:\Program Files\Java\jdk-21\bin\server\jvm.dll
0x00007ffe5c770000 - 0x00007ffe5c7db000 	C:\WINDOWS\System32\WS2_32.dll
0x00007ffe5ab10000 - 0x00007ffe5ab5b000 	C:\WINDOWS\SYSTEM32\POWRPROF.dll
0x00007ffe49000000 - 0x00007ffe49027000 	C:\WINDOWS\SYSTEM32\WINMM.dll
0x00007ffe5aaf0000 - 0x00007ffe5ab02000 	C:\WINDOWS\SYSTEM32\UMPDC.dll
0x00007ffe58c10000 - 0x00007ffe58c22000 	C:\WINDOWS\SYSTEM32\kernel.appcore.dll
0x00007ffe55a20000 - 0x00007ffe55a2a000 	C:\Program Files\Java\jdk-21\bin\jimage.dll
0x00007ffe54040000 - 0x00007ffe54224000 	C:\WINDOWS\SYSTEM32\DBGHELP.DLL
0x00007ffe53c80000 - 0x00007ffe53cb4000 	C:\WINDOWS\SYSTEM32\dbgcore.DLL
0x00007ffe5ada0000 - 0x00007ffe5ae22000 	C:\WINDOWS\System32\bcryptPrimitives.dll
0x00007ffe50b80000 - 0x00007ffe50b9f000 	C:\Program Files\Java\jdk-21\bin\java.dll
0x00007ffe58e10000 - 0x00007ffe595a3000 	C:\WINDOWS\SYSTEM32\windows.storage.dll
0x00007ffe5c150000 - 0x00007ffe5c4a4000 	C:\WINDOWS\System32\combase.dll
0x00007ffe5a6b0000 - 0x00007ffe5a6de000 	C:\WINDOWS\SYSTEM32\Wldp.dll
0x00007ffe5c4b0000 - 0x00007ffe5c55d000 	C:\WINDOWS\System32\SHCORE.dll
0x00007ffe5ace0000 - 0x00007ffe5acff000 	C:\WINDOWS\SYSTEM32\profapi.dll
0x00007ffe2a0a0000 - 0x00007ffe2a177000 	C:\Program Files\Java\jdk-21\bin\jsvml.dll
0x00007ffe58600000 - 0x00007ffe58610000 	C:\Program Files\Java\jdk-21\bin\net.dll
0x00007ffe53ed0000 - 0x00007ffe53fda000 	C:\WINDOWS\SYSTEM32\WINHTTP.dll
0x00007ffe5a410000 - 0x00007ffe5a47a000 	C:\WINDOWS\system32\mswsock.dll
0x00007ffe58580000 - 0x00007ffe58596000 	C:\Program Files\Java\jdk-21\bin\nio.dll
0x00007ffe50db0000 - 0x00007ffe50dc8000 	C:\Program Files\Java\jdk-21\bin\zip.dll
0x00007ffe27390000 - 0x00007ffe2751f000 	C:\Program Files\Java\jdk-21\bin\awt.dll
0x00007ffe5c870000 - 0x00007ffe5c93d000 	C:\WINDOWS\System32\OLEAUT32.dll
0x00007ffe58920000 - 0x00007ffe5894f000 	C:\WINDOWS\system32\DWMAPI.DLL
0x00007ffe58740000 - 0x00007ffe587de000 	C:\WINDOWS\system32\uxtheme.dll
0x00007ffe26da0000 - 0x00007ffe26ec5000 	C:\WINDOWS\system32\opengl32.dll
0x00007ffe4cfa0000 - 0x00007ffe4cfcc000 	C:\WINDOWS\SYSTEM32\GLU32.dll
0x00007ffe5c030000 - 0x00007ffe5c144000 	C:\WINDOWS\System32\MSCTF.dll
0x00007ffe5c630000 - 0x00007ffe5c75a000 	C:\WINDOWS\System32\ole32.dll
0x00007ffe35db0000 - 0x00007ffe35e37000 	C:\Program Files\Java\jdk-21\bin\freetype.dll
0x00007ffe26cc0000 - 0x00007ffe26d93000 	C:\Program Files\Java\jdk-21\bin\fontmanager.dll
0x00007ffe51030000 - 0x00007ffe51129000 	C:\WINDOWS\SYSTEM32\textinputframework.dll
0x00007ffe57fd0000 - 0x00007ffe5832e000 	C:\WINDOWS\System32\CoreUIComponents.dll
0x00007ffe56bd0000 - 0x00007ffe56d24000 	C:\WINDOWS\SYSTEM32\wintypes.dll
0x00007ffe58330000 - 0x00007ffe58422000 	C:\WINDOWS\System32\CoreMessaging.dll
0x00007ffe59e50000 - 0x00007ffe59e83000 	C:\WINDOWS\SYSTEM32\ntmarta.dll
0x00007ffe5cdb0000 - 0x00007ffe5ce59000 	C:\WINDOWS\System32\clbcatq.dll
0x00007ffe55d80000 - 0x00007ffe55f34000 	C:\WINDOWS\SYSTEM32\WindowsCodecs.dll
0x00007ffe5b470000 - 0x00007ffe5b497000 	C:\WINDOWS\System32\bcrypt.dll
0x00007ffe48030000 - 0x00007ffe4806e000 	C:\WINDOWS\system32\dataexchange.dll
0x00007ffe56d30000 - 0x00007ffe56f93000 	C:\WINDOWS\system32\d3d11.dll
0x00007ffe57a60000 - 0x00007ffe57c43000 	C:\WINDOWS\system32\dcomp.dll
0x00007ffe595f0000 - 0x00007ffe596e3000 	C:\WINDOWS\system32\dxgi.dll
0x00007ffe55fc0000 - 0x00007ffe561c0000 	C:\WINDOWS\system32\twinapi.appcore.dll
0x00007ffe5a140000 - 0x00007ffe5a20b000 	C:\WINDOWS\SYSTEM32\DNSAPI.dll
0x00007ffe5a100000 - 0x00007ffe5a13c000 	C:\WINDOWS\SYSTEM32\IPHLPAPI.DLL
0x00007ffe5ccc0000 - 0x00007ffe5ccc8000 	C:\WINDOWS\System32\NSI.dll
0x00007ffe50e70000 - 0x00007ffe50e7a000 	C:\Windows\System32\rasadhlp.dll
0x00007ffe513d0000 - 0x00007ffe51450000 	C:\WINDOWS\System32\fwpuclnt.dll
0x00007ffe50ce0000 - 0x00007ffe50ce7000 	C:\Program Files\Java\jdk-21\bin\extnet.dll
0x00007ffe50ad0000 - 0x00007ffe50ade000 	C:\Program Files\Java\jdk-21\bin\sunmscapi.dll
0x00007ffe5b4d0000 - 0x00007ffe5b626000 	C:\WINDOWS\System32\CRYPT32.dll
0x00007ffe5a720000 - 0x00007ffe5a748000 	C:\WINDOWS\SYSTEM32\ncrypt.dll
0x00007ffe5a6e0000 - 0x00007ffe5a71b000 	C:\WINDOWS\SYSTEM32\NTASN1.dll
0x00007ffe5a600000 - 0x00007ffe5a618000 	C:\WINDOWS\SYSTEM32\CRYPTSP.dll
0x00007ffe59d30000 - 0x00007ffe59d64000 	C:\WINDOWS\system32\rsaenh.dll
0x00007ffe5ac60000 - 0x00007ffe5ac8e000 	C:\WINDOWS\SYSTEM32\USERENV.dll
0x00007ffe5a620000 - 0x00007ffe5a62c000 	C:\WINDOWS\SYSTEM32\CRYPTBASE.dll

dbghelp: loaded successfully - version: 4.0.5 - missing functions: none
symbol engine: initialized successfully - sym options: 0x614 - pdb path: .;C:\Program Files\Java\jdk-21\bin;C:\WINDOWS\SYSTEM32;C:\WINDOWS\WinSxS\amd64_microsoft.windows.common-controls_6595b64144ccf1df_6.0.19041.1110_none_60b5254171f9507e;C:\Program Files (x86)\360\Total Security\safemon;C:\Program Files\Java\jdk-21\bin\server

VM Arguments:
jvm_args: -Dfile.encoding=UTF-8 --module-path=C:\Users\Kamlesh\Documents\NetBeansProjects\Employee Management System\build\classes 
java_command: employee.management.system.Splash
java_class_path (initial): C:\Users\Kamlesh\Downloads\mysql-connector-java-8.0.28.jar;C:\Users\Kamlesh\Documents\NetBeansProjects\Employee Management System\build\classes
Launcher Type: SUN_STANDARD

[Global flags]
     intx CICompilerCount                          = 3                                         {product} {ergonomic}
     uint ConcGCThreads                            = 1                                         {product} {ergonomic}
     uint G1ConcRefinementThreads                  = 4                                         {product} {ergonomic}
   size_t G1HeapRegionSize                         = 1048576                                   {product} {ergonomic}
    uintx GCDrainStackTargetSize                   = 64                                        {product} {ergonomic}
   size_t InitialHeapSize                          = 98566144                                  {product} {ergonomic}
   size_t MarkStackSize                            = 4194304                                   {product} {ergonomic}
   size_t MaxHeapSize                              = 1574961152                                {product} {ergonomic}
   size_t MaxNewSize                               = 944766976                                 {product} {ergonomic}
   size_t MinHeapDeltaBytes                        = 1048576                                   {product} {ergonomic}
   size_t MinHeapSize                              = 8388608                                   {product} {ergonomic}
    uintx NonNMethodCodeHeapSize                   = 5832780                                {pd product} {ergonomic}
    uintx NonProfiledCodeHeapSize                  = 122912730                              {pd product} {ergonomic}
    uintx ProfiledCodeHeapSize                     = 122912730                              {pd product} {ergonomic}
    uintx ReservedCodeCacheSize                    = 251658240                              {pd product} {ergonomic}
     bool SegmentedCodeCache                       = true                                      {product} {ergonomic}
   size_t SoftMaxHeapSize                          = 1574961152                             {manageable} {ergonomic}
     bool UseCompressedOops                        = true                           {product lp64_product} {ergonomic}
     bool UseG1GC                                  = true                                      {product} {ergonomic}
     bool UseLargePagesIndividualAllocation        = false                                  {pd product} {ergonomic}

Logging:
Log output configuration:
 #0: stdout all=warning uptime,level,tags foldmultilines=false
 #1: stderr all=off uptime,level,tags foldmultilines=false

Environment Variables:
PATH=C:\Program Files\Common Files\Oracle\Java\javapath;C:\WINDOWS\system32;C:\WINDOWS;C:\WINDOWS\System32\Wbem;C:\WINDOWS\System32\WindowsPowerShell\v1.0\;C:\WINDOWS\System32\OpenSSH\;C:\Users\Kamlesh\AppData\Local\Programs\Python\Python39;C:\Users\Kamlesh\AppData\Local\Programs\Python\Python39\Scripts;C:\Program Files\Java\jdk-20\bin;C:\Program Files\swipl\bin;C:\Program Files\Java\jdk-21\bin;C:\Users\Kamlesh\AppData\Local\Microsoft\WindowsApps;;C:\Users\Kamlesh\AppData\Local\Programs\Microsoft VS Code\bin
USERNAME=Kamlesh
OS=Windows_NT
PROCESSOR_IDENTIFIER=Intel64 Family 6 Model 37 Stepping 2, GenuineIntel
TMP=C:\Users\Kamlesh\AppData\Local\Temp
TEMP=C:\Users\Kamlesh\AppData\Local\Temp




Periodic native trim disabled

---------------  S Y S T E M  ---------------

OS:
 Windows 10 , 64 bit Build 19041 (10.0.19041.2788)
OS uptime: 4 days 23:12 hours

CPU: total 4 (initial active 4) (2 cores per cpu, 2 threads per core) family 6 model 37 stepping 2 microcode 0x11, cx8, cmov, fxsr, ht, mmx, sse, sse2, sse3, ssse3, sse4.1, sse4.2, popcnt, tsc, tscinvbit, clflush, rdtscp
Processor Information for all 4 processors :
  Max Mhz: 2925, Current Mhz: 2925, Mhz Limit: 2925

Memory: 4k page, system-wide physical 6007M (538M free)
TotalPageFile size 24439M (AvailPageFile size 2M)
current process WorkingSet (physical memory assigned to process): 112M, peak: 112M
current process commit charge ("private bytes"): 201M, peak: 201M

vm_info: Java HotSpot(TM) 64-Bit Server VM (21.0.1+12-LTS-29) for windows-amd64 JRE (21.0.1+12-LTS-29), built on 2023-10-05T13:27:09Z by "mach5one" with MS VC++ 17.1 (VS2022)

END.
